[ 2017-03-05T14:12:31+08:00 ] 127.0.0.1 /ThinkPHP/index.php
INFO: [ app_init ] --START--
INFO: Run Behavior\BuildLiteBehavior [ RunTime:0.000016s ]
INFO: [ app_init ] --END-- [ RunTime:0.012164s ]
INFO: [ app_begin ] --START--
INFO: Run Behavior\ReadHtmlCacheBehavior [ RunTime:0.013833s ]
INFO: [ app_begin ] --END-- [ RunTime:0.013911s ]
INFO: [ view_parse ] --START--
INFO: [ template_filter ] --START--
INFO: Run Behavior\ContentReplaceBehavior [ RunTime:0.000043s ]
INFO: [ template_filter ] --END-- [ RunTime:0.000085s ]
NOTIC: [8] Undefined variable: sresult E:\program files\xampp\htdocs\ThinkPHP\Application\Runtime\Cache\Home\2a94b8bda04ff446dcedd42276fc99ee.php 第 140 行.
INFO: Run Behavior\ParseTemplateBehavior [ RunTime:0.142772s ]
INFO: [ view_parse ] --END-- [ RunTime:0.142823s ]
INFO: [ view_filter ] --START--
INFO: Run Behavior\WriteHtmlCacheBehavior [ RunTime:0.010410s ]
INFO: [ view_filter ] --END-- [ RunTime:0.010451s ]
INFO: [ app_end ] --START--
INFO: Run Behavior\ShowPageTraceBehavior [ RunTime:0.001368s ]
INFO: [ app_end ] --END-- [ RunTime:0.001408s ]

[ 2017-03-05T15:16:48+08:00 ] 127.0.0.1 /ThinkPHP/index.php/home/search/searchbar
INFO: [ app_init ] --START--
INFO: Run Behavior\BuildLiteBehavior [ RunTime:0.000011s ]
INFO: [ app_init ] --END-- [ RunTime:0.000333s ]
INFO: [ app_begin ] --START--
INFO: Run Behavior\ReadHtmlCacheBehavior [ RunTime:0.001063s ]
INFO: [ app_begin ] --END-- [ RunTime:0.001143s ]

[ 2017-03-05T15:16:48+08:00 ] 127.0.0.1 /ThinkPHP/index.php/home/search/searchpic/stext/zoo/srange/pictures
INFO: [ app_init ] --START--
INFO: Run Behavior\BuildLiteBehavior [ RunTime:0.000024s ]
INFO: [ app_init ] --END-- [ RunTime:0.000315s ]
INFO: [ app_begin ] --START--
INFO: Run Behavior\ReadHtmlCacheBehavior [ RunTime:0.000680s ]
INFO: [ app_begin ] --END-- [ RunTime:0.000717s ]
SQL: SHOW COLUMNS FROM `photos_tags` [ RunTime:0.0249s ]
SQL: SHOW COLUMNS FROM `photos` [ RunTime:0.0088s ]
SQL: SELECT * FROM `photos_tags`  [ RunTime:0.0004s ]
SQL: SELECT `photo` FROM `photos` WHERE ( pid="1" ) LIMIT 1   [ RunTime:0.0003s ]
NOTIC: [8] Undefined index: sresult E:\program files\xampp\htdocs\ThinkPHP\Application\Home\Controller\SearchController.class.php 第 49 行.
SQL: SELECT `photo` FROM `photos` WHERE ( pid="2" ) LIMIT 1   [ RunTime:0.0002s ]
INFO: [ view_parse ] --START--
INFO: [ template_filter ] --START--
INFO: Run Behavior\ContentReplaceBehavior [ RunTime:0.000046s ]
INFO: [ template_filter ] --END-- [ RunTime:0.000083s ]
INFO: Run Behavior\ParseTemplateBehavior [ RunTime:0.062093s ]
INFO: [ view_parse ] --END-- [ RunTime:0.062156s ]
INFO: [ view_filter ] --START--
INFO: Run Behavior\WriteHtmlCacheBehavior [ RunTime:0.000476s ]
INFO: [ view_filter ] --END-- [ RunTime:0.000504s ]
INFO: [ app_end ] --START--
INFO: Run Behavior\ShowPageTraceBehavior [ RunTime:0.000596s ]
INFO: [ app_end ] --END-- [ RunTime:0.000628s ]

[ 2017-03-05T15:16:56+08:00 ] 127.0.0.1 /ThinkPHP/index.php/home/show/picshow/pid/1
INFO: [ app_init ] --START--
INFO: Run Behavior\BuildLiteBehavior [ RunTime:0.000036s ]
INFO: [ app_init ] --END-- [ RunTime:0.001109s ]
INFO: [ app_begin ] --START--
INFO: Run Behavior\ReadHtmlCacheBehavior [ RunTime:0.002068s ]
INFO: [ app_begin ] --END-- [ RunTime:0.002209s ]

[ 2017-03-05T15:17:26+08:00 ] 127.0.0.1 /ThinkPHP/index.php/home/show/picshow/pid/1
INFO: [ app_init ] --START--
INFO: Run Behavior\BuildLiteBehavior [ RunTime:0.000009s ]
INFO: [ app_init ] --END-- [ RunTime:0.000319s ]
INFO: [ app_begin ] --START--
INFO: Run Behavior\ReadHtmlCacheBehavior [ RunTime:0.000571s ]
INFO: [ app_begin ] --END-- [ RunTime:0.000610s ]

[ 2017-03-05T15:17:45+08:00 ] 127.0.0.1 /ThinkPHP/index.php/home/show/picshow/pid/1
INFO: [ app_init ] --START--
INFO: Run Behavior\BuildLiteBehavior [ RunTime:0.000014s ]
INFO: [ app_init ] --END-- [ RunTime:0.000407s ]
INFO: [ app_begin ] --START--
INFO: Run Behavior\ReadHtmlCacheBehavior [ RunTime:0.000799s ]
INFO: [ app_begin ] --END-- [ RunTime:0.000862s ]

[ 2017-03-05T15:17:46+08:00 ] 127.0.0.1 /ThinkPHP/index.php/home/show/picshow/pid/1
INFO: [ app_init ] --START--
INFO: Run Behavior\BuildLiteBehavior [ RunTime:0.000013s ]
INFO: [ app_init ] --END-- [ RunTime:0.000352s ]
INFO: [ app_begin ] --START--
INFO: Run Behavior\ReadHtmlCacheBehavior [ RunTime:0.000574s ]
INFO: [ app_begin ] --END-- [ RunTime:0.000610s ]

[ 2017-03-05T15:17:47+08:00 ] 127.0.0.1 /ThinkPHP/index.php/home/show/picshow/pid/1
INFO: [ app_init ] --START--
INFO: Run Behavior\BuildLiteBehavior [ RunTime:0.000009s ]
INFO: [ app_init ] --END-- [ RunTime:0.000283s ]
INFO: [ app_begin ] --START--
INFO: Run Behavior\ReadHtmlCacheBehavior [ RunTime:0.000545s ]
INFO: [ app_begin ] --END-- [ RunTime:0.000581s ]

[ 2017-03-05T15:17:47+08:00 ] 127.0.0.1 /ThinkPHP/index.php/home/show/picshow/pid/1
INFO: [ app_init ] --START--
INFO: Run Behavior\BuildLiteBehavior [ RunTime:0.000016s ]
INFO: [ app_init ] --END-- [ RunTime:0.000359s ]
INFO: [ app_begin ] --START--
INFO: Run Behavior\ReadHtmlCacheBehavior [ RunTime:0.000578s ]
INFO: [ app_begin ] --END-- [ RunTime:0.000615s ]

[ 2017-03-05T15:17:47+08:00 ] 127.0.0.1 /ThinkPHP/index.php/home/show/picshow/pid/1
INFO: [ app_init ] --START--
INFO: Run Behavior\BuildLiteBehavior [ RunTime:0.000018s ]
INFO: [ app_init ] --END-- [ RunTime:0.000530s ]
INFO: [ app_begin ] --START--
INFO: Run Behavior\ReadHtmlCacheBehavior [ RunTime:0.000986s ]
INFO: [ app_begin ] --END-- [ RunTime:0.001051s ]

[ 2017-03-05T15:18:33+08:00 ] 127.0.0.1 /ThinkPHP/index.php/home/show/picshow/pid/1
INFO: [ app_init ] --START--
INFO: Run Behavior\BuildLiteBehavior [ RunTime:0.000012s ]
INFO: [ app_init ] --END-- [ RunTime:0.000358s ]
INFO: [ app_begin ] --START--
INFO: Run Behavior\ReadHtmlCacheBehavior [ RunTime:0.000610s ]
INFO: [ app_begin ] --END-- [ RunTime:0.000650s ]
SQL: SHOW COLUMNS FROM `photos` [ RunTime:0.1305s ]
ERR: 1146:Table 'u_shard_0.photos_uid_comment' doesn't exist
 [ SQL语句 ] : SHOW COLUMNS FROM `photos_uid_comment`
ERR: 1146:Table 'u_shard_0.photos_uid_comment' doesn't exist
 [ SQL语句 ] : SHOW COLUMNS FROM `photos_uid_comment`

[ 2017-03-05T15:19:05+08:00 ] 127.0.0.1 /ThinkPHP/index.php/home/show/picshow/pid/1
INFO: [ app_init ] --START--
INFO: Run Behavior\BuildLiteBehavior [ RunTime:0.000021s ]
INFO: [ app_init ] --END-- [ RunTime:0.000629s ]
INFO: [ app_begin ] --START--
INFO: Run Behavior\ReadHtmlCacheBehavior [ RunTime:0.001218s ]
INFO: [ app_begin ] --END-- [ RunTime:0.001291s ]
SQL: SHOW COLUMNS FROM `photos` [ RunTime:0.1174s ]
SQL: SHOW COLUMNS FROM `photos_uid_comments` [ RunTime:0.0175s ]
SQL: SHOW COLUMNS FROM `user` [ RunTime:0.0124s ]
SQL: SHOW COLUMNS FROM `photos_tags` [ RunTime:0.0104s ]
SQL: SELECT * FROM `photos` WHERE ( pid="1" ) LIMIT 1   [ RunTime:0.0005s ]
SQL: SELECT * FROM `user` WHERE ( uid="3" ) LIMIT 1   [ RunTime:0.0006s ]
SQL: SELECT * FROM `photos_tags` WHERE ( pid="1" )  [ RunTime:0.0004s ]
NOTIC: [8] Undefined index: tags E:\program files\xampp\htdocs\ThinkPHP\Application\Home\Controller\ShowController.class.php 第 31 行.
SQL: SELECT * FROM `photos_uid_comments` WHERE ( pid="1" )  [ RunTime:0.0005s ]
ERR: Think\Controller:diaplay方法不存在！

[ 2017-03-05T15:19:19+08:00 ] 127.0.0.1 /ThinkPHP/index.php/home/show/picshow/pid/1
INFO: [ app_init ] --START--
INFO: Run Behavior\BuildLiteBehavior [ RunTime:0.000017s ]
INFO: [ app_init ] --END-- [ RunTime:0.000384s ]
INFO: [ app_begin ] --START--
INFO: Run Behavior\ReadHtmlCacheBehavior [ RunTime:0.000909s ]
INFO: [ app_begin ] --END-- [ RunTime:0.000971s ]
SQL: SHOW COLUMNS FROM `photos` [ RunTime:0.0106s ]
SQL: SHOW COLUMNS FROM `photos_uid_comments` [ RunTime:0.0096s ]
SQL: SHOW COLUMNS FROM `user` [ RunTime:0.0088s ]
SQL: SHOW COLUMNS FROM `photos_tags` [ RunTime:0.0088s ]
SQL: SELECT * FROM `photos` WHERE ( pid="1" ) LIMIT 1   [ RunTime:0.0003s ]
SQL: SELECT * FROM `user` WHERE ( uid="3" ) LIMIT 1   [ RunTime:0.0002s ]
SQL: SELECT * FROM `photos_tags` WHERE ( pid="1" )  [ RunTime:0.0002s ]
NOTIC: [8] Undefined index: tags E:\program files\xampp\htdocs\ThinkPHP\Application\Home\Controller\ShowController.class.php 第 31 行.
SQL: SELECT * FROM `photos_uid_comments` WHERE ( pid="1" )  [ RunTime:0.0002s ]
INFO: [ view_parse ] --START--
INFO: [ template_filter ] --START--
INFO: Run Behavior\ContentReplaceBehavior [ RunTime:0.000092s ]
INFO: [ template_filter ] --END-- [ RunTime:0.000179s ]
NOTIC: [8] Undefined variable: comments E:\program files\xampp\htdocs\ThinkPHP\Application\Runtime\Cache\Home\8e355508598cc1c21616b248edc73e01.php 第 141 行.
INFO: Run Behavior\ParseTemplateBehavior [ RunTime:0.034337s ]
INFO: [ view_parse ] --END-- [ RunTime:0.034398s ]
INFO: [ view_filter ] --START--
INFO: Run Behavior\WriteHtmlCacheBehavior [ RunTime:0.000710s ]
INFO: [ view_filter ] --END-- [ RunTime:0.000760s ]
INFO: [ app_end ] --START--
INFO: Run Behavior\ShowPageTraceBehavior [ RunTime:0.000964s ]
INFO: [ app_end ] --END-- [ RunTime:0.001021s ]

[ 2017-03-05T15:21:32+08:00 ] 127.0.0.1 /ThinkPHP/index.php/home/show/picshow/pid/1
INFO: [ app_init ] --START--
INFO: Run Behavior\BuildLiteBehavior [ RunTime:0.000019s ]
INFO: [ app_init ] --END-- [ RunTime:0.000318s ]
INFO: [ app_begin ] --START--
INFO: Run Behavior\ReadHtmlCacheBehavior [ RunTime:0.000545s ]
INFO: [ app_begin ] --END-- [ RunTime:0.000591s ]
SQL: SHOW COLUMNS FROM `photos` [ RunTime:0.0128s ]
SQL: SHOW COLUMNS FROM `photos_uid_comments` [ RunTime:0.0510s ]
SQL: SHOW COLUMNS FROM `user` [ RunTime:0.0097s ]
SQL: SHOW COLUMNS FROM `photos_tags` [ RunTime:0.0084s ]
SQL: SELECT * FROM `photos` WHERE ( pid="1" ) LIMIT 1   [ RunTime:0.0004s ]
SQL: SELECT * FROM `user` WHERE ( uid="3" ) LIMIT 1   [ RunTime:0.0003s ]
SQL: SELECT * FROM `photos_tags` WHERE ( pid="1" )  [ RunTime:0.0003s ]
NOTIC: [8] Undefined index: tags E:\program files\xampp\htdocs\ThinkPHP\Application\Home\Controller\ShowController.class.php 第 31 行.
SQL: SELECT * FROM `photos_uid_comments` WHERE ( pid="1" )  [ RunTime:0.0003s ]
INFO: [ view_parse ] --START--
INFO: [ template_filter ] --START--
INFO: Run Behavior\ContentReplaceBehavior [ RunTime:0.000072s ]
INFO: [ template_filter ] --END-- [ RunTime:0.000136s ]
NOTIC: [8] Undefined variable: comments E:\program files\xampp\htdocs\ThinkPHP\Application\Runtime\Cache\Home\8e355508598cc1c21616b248edc73e01.php 第 141 行.
INFO: Run Behavior\ParseTemplateBehavior [ RunTime:0.030131s ]
INFO: [ view_parse ] --END-- [ RunTime:0.030182s ]
INFO: [ view_filter ] --START--
INFO: Run Behavior\WriteHtmlCacheBehavior [ RunTime:0.000428s ]
INFO: [ view_filter ] --END-- [ RunTime:0.000456s ]
INFO: [ app_end ] --START--
INFO: Run Behavior\ShowPageTraceBehavior [ RunTime:0.000584s ]
INFO: [ app_end ] --END-- [ RunTime:0.000614s ]

[ 2017-03-05T15:25:20+08:00 ] 127.0.0.1 /ThinkPHP/index.php/home/show/picshow/pid/1
INFO: [ app_init ] --START--
INFO: Run Behavior\BuildLiteBehavior [ RunTime:0.000010s ]
INFO: [ app_init ] --END-- [ RunTime:0.000292s ]
INFO: [ app_begin ] --START--
INFO: Run Behavior\ReadHtmlCacheBehavior [ RunTime:0.000597s ]
INFO: [ app_begin ] --END-- [ RunTime:0.000637s ]
SQL: SHOW COLUMNS FROM `photos` [ RunTime:0.1469s ]
SQL: SHOW COLUMNS FROM `photos_uid_comments` [ RunTime:0.0151s ]
SQL: SHOW COLUMNS FROM `user` [ RunTime:0.0087s ]
SQL: SHOW COLUMNS FROM `photos_tags` [ RunTime:0.0079s ]
SQL: SELECT * FROM `photos` WHERE ( pid="1" ) LIMIT 1   [ RunTime:0.0005s ]
SQL: SELECT * FROM `user` WHERE ( uid="3" ) LIMIT 1   [ RunTime:0.0004s ]
SQL: SELECT * FROM `photos_tags` WHERE ( pid="1" )  [ RunTime:0.0003s ]
NOTIC: [8] Undefined index: tags E:\program files\xampp\htdocs\ThinkPHP\Application\Home\Controller\ShowController.class.php 第 31 行.
SQL: SELECT * FROM `photos_uid_comments` WHERE ( pid="1" )  [ RunTime:0.0003s ]
INFO: [ view_parse ] --START--
INFO: [ template_filter ] --START--
INFO: Run Behavior\ContentReplaceBehavior [ RunTime:0.000072s ]
INFO: [ template_filter ] --END-- [ RunTime:0.000133s ]
NOTIC: [8] Undefined variable: comments E:\program files\xampp\htdocs\ThinkPHP\Application\Runtime\Cache\Home\8e355508598cc1c21616b248edc73e01.php 第 141 行.
INFO: Run Behavior\ParseTemplateBehavior [ RunTime:0.030230s ]
INFO: [ view_parse ] --END-- [ RunTime:0.030289s ]
INFO: [ view_filter ] --START--
INFO: Run Behavior\WriteHtmlCacheBehavior [ RunTime:0.000771s ]
INFO: [ view_filter ] --END-- [ RunTime:0.000826s ]
INFO: [ app_end ] --START--
INFO: Run Behavior\ShowPageTraceBehavior [ RunTime:0.001002s ]
INFO: [ app_end ] --END-- [ RunTime:0.001044s ]

[ 2017-03-05T15:26:00+08:00 ] 127.0.0.1 /ThinkPHP/index.php/home/show/picshow/pid/1
INFO: [ app_init ] --START--
INFO: Run Behavior\BuildLiteBehavior [ RunTime:0.000018s ]
INFO: [ app_init ] --END-- [ RunTime:0.000516s ]
INFO: [ app_begin ] --START--
INFO: Run Behavior\ReadHtmlCacheBehavior [ RunTime:0.000975s ]
INFO: [ app_begin ] --END-- [ RunTime:0.001040s ]
SQL: SHOW COLUMNS FROM `photos` [ RunTime:0.0096s ]
SQL: SHOW COLUMNS FROM `photos_uid_comments` [ RunTime:0.0073s ]
SQL: SHOW COLUMNS FROM `user` [ RunTime:0.0068s ]
SQL: SHOW COLUMNS FROM `photos_tags` [ RunTime:0.0058s ]
SQL: SELECT * FROM `photos` WHERE ( pid="1" ) LIMIT 1   [ RunTime:0.0003s ]
SQL: SELECT * FROM `user` WHERE ( uid="3" ) LIMIT 1   [ RunTime:0.0003s ]
SQL: SELECT * FROM `photos_tags` WHERE ( pid="1" )  [ RunTime:0.0002s ]
NOTIC: [8] Undefined index: tags E:\program files\xampp\htdocs\ThinkPHP\Application\Home\Controller\ShowController.class.php 第 31 行.
SQL: SELECT * FROM `photos_uid_comments` WHERE ( pid="1" )  [ RunTime:0.0002s ]
INFO: [ view_parse ] --START--
INFO: [ template_filter ] --START--
INFO: Run Behavior\ContentReplaceBehavior [ RunTime:0.000045s ]
INFO: [ template_filter ] --END-- [ RunTime:0.000086s ]
NOTIC: [8] Undefined variable: comments E:\program files\xampp\htdocs\ThinkPHP\Application\Runtime\Cache\Home\8e355508598cc1c21616b248edc73e01.php 第 141 行.
INFO: Run Behavior\ParseTemplateBehavior [ RunTime:0.019650s ]
INFO: [ view_parse ] --END-- [ RunTime:0.019746s ]
INFO: [ view_filter ] --START--
INFO: Run Behavior\WriteHtmlCacheBehavior [ RunTime:0.000531s ]
INFO: [ view_filter ] --END-- [ RunTime:0.000566s ]
INFO: [ app_end ] --START--
INFO: Run Behavior\ShowPageTraceBehavior [ RunTime:0.000614s ]
INFO: [ app_end ] --END-- [ RunTime:0.000646s ]

[ 2017-03-05T15:52:15+08:00 ] 127.0.0.1 /ThinkPHP/index.php/home/show/picshow/pid/1
INFO: [ app_init ] --START--
INFO: Run Behavior\BuildLiteBehavior [ RunTime:0.000015s ]
INFO: [ app_init ] --END-- [ RunTime:0.000417s ]
INFO: [ app_begin ] --START--
INFO: Run Behavior\ReadHtmlCacheBehavior [ RunTime:0.000819s ]
INFO: [ app_begin ] --END-- [ RunTime:0.000884s ]
SQL: SHOW COLUMNS FROM `photos` [ RunTime:0.0098s ]
SQL: SHOW COLUMNS FROM `photos_uid_comments` [ RunTime:0.0068s ]
SQL: SHOW COLUMNS FROM `user` [ RunTime:0.0077s ]
SQL: SHOW COLUMNS FROM `photos_tags` [ RunTime:0.0068s ]
SQL: SELECT * FROM `photos` WHERE ( pid="1" ) LIMIT 1   [ RunTime:0.0003s ]
SQL: SELECT * FROM `user` WHERE ( uid="3" ) LIMIT 1   [ RunTime:0.0003s ]
SQL: SELECT * FROM `photos_tags` WHERE ( pid="1" )  [ RunTime:0.0002s ]
NOTIC: [8] Undefined index: tags E:\program files\xampp\htdocs\ThinkPHP\Application\Home\Controller\ShowController.class.php 第 31 行.
SQL: SELECT * FROM `photos_uid_comments` WHERE ( pid="1" )  [ RunTime:0.0002s ]
INFO: [ view_parse ] --START--
INFO: [ template_filter ] --START--
INFO: Run Behavior\ContentReplaceBehavior [ RunTime:0.000054s ]
INFO: [ template_filter ] --END-- [ RunTime:0.000106s ]
NOTIC: [8] Undefined variable: comments E:\program files\xampp\htdocs\ThinkPHP\Application\Runtime\Cache\Home\8e355508598cc1c21616b248edc73e01.php 第 141 行.
INFO: Run Behavior\ParseTemplateBehavior [ RunTime:0.008126s ]
INFO: [ view_parse ] --END-- [ RunTime:0.008184s ]
INFO: [ view_filter ] --START--
INFO: Run Behavior\WriteHtmlCacheBehavior [ RunTime:0.000776s ]
INFO: [ view_filter ] --END-- [ RunTime:0.000832s ]
INFO: [ app_end ] --START--
INFO: Run Behavior\ShowPageTraceBehavior [ RunTime:0.000961s ]
INFO: [ app_end ] --END-- [ RunTime:0.001009s ]

[ 2017-03-05T15:56:42+08:00 ] 127.0.0.1 /ThinkPHP/index.php/home/show/picshow/pid/1
INFO: [ app_init ] --START--
INFO: Run Behavior\BuildLiteBehavior [ RunTime:0.000010s ]
INFO: [ app_init ] --END-- [ RunTime:0.000311s ]
INFO: [ app_begin ] --START--
INFO: Run Behavior\ReadHtmlCacheBehavior [ RunTime:0.000549s ]
INFO: [ app_begin ] --END-- [ RunTime:0.000628s ]
SQL: SHOW COLUMNS FROM `photos` [ RunTime:0.0113s ]
SQL: SHOW COLUMNS FROM `photos_uid_comments` [ RunTime:0.0069s ]
SQL: SHOW COLUMNS FROM `user` [ RunTime:0.0070s ]
SQL: SHOW COLUMNS FROM `photos_tags` [ RunTime:0.0057s ]
SQL: SELECT * FROM `photos` WHERE ( pid="1" ) LIMIT 1   [ RunTime:0.0003s ]
SQL: SELECT * FROM `user` WHERE ( uid="3" ) LIMIT 1   [ RunTime:0.0003s ]
SQL: SELECT * FROM `photos_tags` WHERE ( pid="1" )  [ RunTime:0.0002s ]
NOTIC: [8] Undefined index: tags E:\program files\xampp\htdocs\ThinkPHP\Application\Home\Controller\ShowController.class.php 第 31 行.
SQL: SELECT * FROM `photos_uid_comments` WHERE ( pid="1" )  [ RunTime:0.0003s ]
INFO: [ view_parse ] --START--
INFO: [ template_filter ] --START--
INFO: Run Behavior\ContentReplaceBehavior [ RunTime:0.000043s ]
INFO: [ template_filter ] --END-- [ RunTime:0.000082s ]
NOTIC: [8] Undefined variable: comments E:\program files\xampp\htdocs\ThinkPHP\Application\Runtime\Cache\Home\8e355508598cc1c21616b248edc73e01.php 第 141 行.
INFO: Run Behavior\ParseTemplateBehavior [ RunTime:0.006849s ]
INFO: [ view_parse ] --END-- [ RunTime:0.006894s ]
INFO: [ view_filter ] --START--
INFO: Run Behavior\WriteHtmlCacheBehavior [ RunTime:0.000448s ]
INFO: [ view_filter ] --END-- [ RunTime:0.000485s ]
INFO: [ app_end ] --START--
INFO: Run Behavior\ShowPageTraceBehavior [ RunTime:0.000878s ]
INFO: [ app_end ] --END-- [ RunTime:0.000939s ]

[ 2017-03-05T15:56:44+08:00 ] 127.0.0.1 /ThinkPHP/index.php/home/search/searchpic/stext/zootopia
INFO: [ app_init ] --START--
INFO: Run Behavior\BuildLiteBehavior [ RunTime:0.000010s ]
INFO: [ app_init ] --END-- [ RunTime:0.000292s ]
INFO: [ app_begin ] --START--
INFO: Run Behavior\ReadHtmlCacheBehavior [ RunTime:0.000583s ]
INFO: [ app_begin ] --END-- [ RunTime:0.000620s ]
ERR: 参数错误或者未定义:srange

[ 2017-03-05T15:58:16+08:00 ] 127.0.0.1 /ThinkPHP/index.php/home/search/searchpic/stext/zootopia
INFO: [ app_init ] --START--
INFO: Run Behavior\BuildLiteBehavior [ RunTime:0.000010s ]
INFO: [ app_init ] --END-- [ RunTime:0.000292s ]
INFO: [ app_begin ] --START--
INFO: Run Behavior\ReadHtmlCacheBehavior [ RunTime:0.000908s ]
INFO: [ app_begin ] --END-- [ RunTime:0.000962s ]
ERR: 参数错误或者未定义:srange

[ 2017-03-05T15:58:22+08:00 ] 127.0.0.1 /ThinkPHP/index.php/home/show/picshow/pid/1
INFO: [ app_init ] --START--
INFO: Run Behavior\BuildLiteBehavior [ RunTime:0.000020s ]
INFO: [ app_init ] --END-- [ RunTime:0.000314s ]
INFO: [ app_begin ] --START--
INFO: Run Behavior\ReadHtmlCacheBehavior [ RunTime:0.000572s ]
INFO: [ app_begin ] --END-- [ RunTime:0.000610s ]
SQL: SHOW COLUMNS FROM `photos` [ RunTime:0.0084s ]
SQL: SHOW COLUMNS FROM `photos_uid_comments` [ RunTime:0.0066s ]
SQL: SHOW COLUMNS FROM `user` [ RunTime:0.0079s ]
SQL: SHOW COLUMNS FROM `photos_tags` [ RunTime:0.0084s ]
SQL: SELECT * FROM `photos` WHERE ( pid="1" ) LIMIT 1   [ RunTime:0.0003s ]
SQL: SELECT * FROM `user` WHERE ( uid="3" ) LIMIT 1   [ RunTime:0.0002s ]
SQL: SELECT * FROM `photos_tags` WHERE ( pid="1" )  [ RunTime:0.0002s ]
NOTIC: [8] Undefined index: tags E:\program files\xampp\htdocs\ThinkPHP\Application\Home\Controller\ShowController.class.php 第 31 行.
SQL: SELECT * FROM `photos_uid_comments` WHERE ( pid="1" )  [ RunTime:0.0003s ]
INFO: [ view_parse ] --START--
INFO: [ template_filter ] --START--
INFO: Run Behavior\ContentReplaceBehavior [ RunTime:0.000045s ]
INFO: [ template_filter ] --END-- [ RunTime:0.000080s ]
NOTIC: [8] Undefined variable: comments E:\program files\xampp\htdocs\ThinkPHP\Application\Runtime\Cache\Home\8e355508598cc1c21616b248edc73e01.php 第 141 行.
INFO: Run Behavior\ParseTemplateBehavior [ RunTime:0.006933s ]
INFO: [ view_parse ] --END-- [ RunTime:0.006978s ]
INFO: [ view_filter ] --START--
INFO: Run Behavior\WriteHtmlCacheBehavior [ RunTime:0.000502s ]
INFO: [ view_filter ] --END-- [ RunTime:0.000536s ]
INFO: [ app_end ] --START--
INFO: Run Behavior\ShowPageTraceBehavior [ RunTime:0.000704s ]
INFO: [ app_end ] --END-- [ RunTime:0.000737s ]

[ 2017-03-05T15:58:25+08:00 ] 127.0.0.1 /ThinkPHP/index.php/home/search/searchpic/stext/zootopia/srange/pictures
INFO: [ app_init ] --START--
INFO: Run Behavior\BuildLiteBehavior [ RunTime:0.000010s ]
INFO: [ app_init ] --END-- [ RunTime:0.000319s ]
INFO: [ app_begin ] --START--
INFO: Run Behavior\ReadHtmlCacheBehavior [ RunTime:0.000553s ]
INFO: [ app_begin ] --END-- [ RunTime:0.000591s ]
SQL: SHOW COLUMNS FROM `photos_tags` [ RunTime:0.0092s ]
SQL: SHOW COLUMNS FROM `photos` [ RunTime:0.0067s ]
SQL: SELECT * FROM `photos_tags`  [ RunTime:0.0003s ]
SQL: SELECT `photo` FROM `photos` WHERE ( pid="1" ) LIMIT 1   [ RunTime:0.0002s ]
NOTIC: [8] Undefined index: sresult E:\program files\xampp\htdocs\ThinkPHP\Application\Home\Controller\SearchController.class.php 第 49 行.
SQL: SELECT `photo` FROM `photos` WHERE ( pid="2" ) LIMIT 1   [ RunTime:0.0002s ]
INFO: [ view_parse ] --START--
INFO: [ template_filter ] --START--
INFO: Run Behavior\ContentReplaceBehavior [ RunTime:0.000042s ]
INFO: [ template_filter ] --END-- [ RunTime:0.000076s ]
INFO: Run Behavior\ParseTemplateBehavior [ RunTime:0.006634s ]
INFO: [ view_parse ] --END-- [ RunTime:0.006683s ]
INFO: [ view_filter ] --START--
INFO: Run Behavior\WriteHtmlCacheBehavior [ RunTime:0.000460s ]
INFO: [ view_filter ] --END-- [ RunTime:0.000491s ]
INFO: [ app_end ] --START--
INFO: Run Behavior\ShowPageTraceBehavior [ RunTime:0.000557s ]
INFO: [ app_end ] --END-- [ RunTime:0.000587s ]

[ 2017-03-05T15:58:49+08:00 ] 127.0.0.1 /ThinkPHP/index.php/home/search/searchpic/stext/animal/srange/pictures
INFO: [ app_init ] --START--
INFO: Run Behavior\BuildLiteBehavior [ RunTime:0.000010s ]
INFO: [ app_init ] --END-- [ RunTime:0.000289s ]
INFO: [ app_begin ] --START--
INFO: Run Behavior\ReadHtmlCacheBehavior [ RunTime:0.000593s ]
INFO: [ app_begin ] --END-- [ RunTime:0.000630s ]
SQL: SHOW COLUMNS FROM `photos_tags` [ RunTime:0.0093s ]
SQL: SHOW COLUMNS FROM `photos` [ RunTime:0.0069s ]
SQL: SELECT * FROM `photos_tags`  [ RunTime:0.0003s ]
SQL: SELECT `photo` FROM `photos` WHERE ( pid="1" ) LIMIT 1   [ RunTime:0.0002s ]
NOTIC: [8] Undefined index: sresult E:\program files\xampp\htdocs\ThinkPHP\Application\Home\Controller\SearchController.class.php 第 49 行.
INFO: [ view_parse ] --START--
INFO: [ template_filter ] --START--
INFO: Run Behavior\ContentReplaceBehavior [ RunTime:0.000042s ]
INFO: [ template_filter ] --END-- [ RunTime:0.000077s ]
INFO: Run Behavior\ParseTemplateBehavior [ RunTime:0.006603s ]
INFO: [ view_parse ] --END-- [ RunTime:0.006656s ]
INFO: [ view_filter ] --START--
INFO: Run Behavior\WriteHtmlCacheBehavior [ RunTime:0.000559s ]
INFO: [ view_filter ] --END-- [ RunTime:0.000595s ]
INFO: [ app_end ] --START--
INFO: Run Behavior\ShowPageTraceBehavior [ RunTime:0.000594s ]
INFO: [ app_end ] --END-- [ RunTime:0.000627s ]

[ 2017-03-05T16:59:37+08:00 ] 127.0.0.1 /ThinkPHP/index.php/home/search/searchbar
INFO: [ app_init ] --START--
INFO: Run Behavior\BuildLiteBehavior [ RunTime:0.000019s ]
INFO: [ app_init ] --END-- [ RunTime:0.000538s ]
INFO: [ app_begin ] --START--
INFO: Run Behavior\ReadHtmlCacheBehavior [ RunTime:0.000555s ]
INFO: [ app_begin ] --END-- [ RunTime:0.000591s ]

[ 2017-03-05T16:59:38+08:00 ] 127.0.0.1 /ThinkPHP/index.php/home/search/searchuser/stext/bogo/srange/users
INFO: [ app_init ] --START--
INFO: Run Behavior\BuildLiteBehavior [ RunTime:0.000011s ]
INFO: [ app_init ] --END-- [ RunTime:0.000295s ]
INFO: [ app_begin ] --START--
INFO: Run Behavior\ReadHtmlCacheBehavior [ RunTime:0.000630s ]
INFO: [ app_begin ] --END-- [ RunTime:0.000675s ]
SQL: SHOW COLUMNS FROM `user` [ RunTime:0.0166s ]
SQL: SELECT * FROM `user`  [ RunTime:0.0005s ]
SQL: SELECT * FROM `user` WHERE ( uname="bogo" ) LIMIT 1   [ RunTime:0.0002s ]
NOTIC: [8] Undefined index: intro E:\program files\xampp\htdocs\ThinkPHP\Application\Home\Controller\SearchController.class.php 第 104 行.
INFO: [ view_parse ] --START--
INFO: [ template_filter ] --START--
INFO: Run Behavior\ContentReplaceBehavior [ RunTime:0.000044s ]
INFO: [ template_filter ] --END-- [ RunTime:0.000085s ]
INFO: Run Behavior\ParseTemplateBehavior [ RunTime:0.054798s ]
INFO: [ view_parse ] --END-- [ RunTime:0.054845s ]
INFO: [ view_filter ] --START--
INFO: Run Behavior\WriteHtmlCacheBehavior [ RunTime:0.000487s ]
INFO: [ view_filter ] --END-- [ RunTime:0.000518s ]
INFO: [ app_end ] --START--
INFO: Run Behavior\ShowPageTraceBehavior [ RunTime:0.000932s ]
INFO: [ app_end ] --END-- [ RunTime:0.000990s ]

[ 2017-03-05T16:59:38+08:00 ] 127.0.0.1 /ThinkPHP/index.php/home/search/searchuser/stext/bogo/srange/users
INFO: [ app_init ] --START--
INFO: Run Behavior\BuildLiteBehavior [ RunTime:0.000032s ]
INFO: [ app_init ] --END-- [ RunTime:0.000661s ]
INFO: [ app_begin ] --START--
INFO: Run Behavior\ReadHtmlCacheBehavior [ RunTime:0.000690s ]
INFO: [ app_begin ] --END-- [ RunTime:0.000751s ]
SQL: SHOW COLUMNS FROM `user` [ RunTime:0.0054s ]
SQL: SELECT * FROM `user`  [ RunTime:0.0005s ]
SQL: SELECT * FROM `user` WHERE ( uname="bogo" ) LIMIT 1   [ RunTime:0.0003s ]
NOTIC: [8] Undefined index: intro E:\program files\xampp\htdocs\ThinkPHP\Application\Home\Controller\SearchController.class.php 第 104 行.
INFO: [ view_parse ] --START--
INFO: [ template_filter ] --START--
INFO: Run Behavior\ContentReplaceBehavior [ RunTime:0.000041s ]
INFO: [ template_filter ] --END-- [ RunTime:0.000075s ]
INFO: Run Behavior\ParseTemplateBehavior [ RunTime:0.006511s ]
INFO: [ view_parse ] --END-- [ RunTime:0.006553s ]
INFO: [ view_filter ] --START--
INFO: Run Behavior\WriteHtmlCacheBehavior [ RunTime:0.000531s ]
INFO: [ view_filter ] --END-- [ RunTime:0.000567s ]
INFO: [ app_end ] --START--
INFO: Run Behavior\ShowPageTraceBehavior [ RunTime:0.000736s ]
INFO: [ app_end ] --END-- [ RunTime:0.000778s ]

[ 2017-03-05T16:59:55+08:00 ] 127.0.0.1 /ThinkPHP/index.php/home/show/picshow/pid/1
INFO: [ app_init ] --START--
INFO: Run Behavior\BuildLiteBehavior [ RunTime:0.000017s ]
INFO: [ app_init ] --END-- [ RunTime:0.000373s ]
INFO: [ app_begin ] --START--
INFO: Run Behavior\ReadHtmlCacheBehavior [ RunTime:0.000623s ]
INFO: [ app_begin ] --END-- [ RunTime:0.000664s ]
SQL: SHOW COLUMNS FROM `photos` [ RunTime:0.0113s ]
SQL: SHOW COLUMNS FROM `photos_uid_comments` [ RunTime:0.0065s ]
SQL: SHOW COLUMNS FROM `user` [ RunTime:0.0073s ]
SQL: SHOW COLUMNS FROM `photos_tags` [ RunTime:0.0068s ]
SQL: SELECT * FROM `photos` WHERE ( pid="1" ) LIMIT 1   [ RunTime:0.0005s ]
SQL: SELECT * FROM `user` WHERE ( uid="3" ) LIMIT 1   [ RunTime:0.0002s ]
SQL: SELECT * FROM `photos_tags` WHERE ( pid="1" )  [ RunTime:0.0002s ]
NOTIC: [8] Undefined index: tags E:\program files\xampp\htdocs\ThinkPHP\Application\Home\Controller\ShowController.class.php 第 31 行.
SQL: SELECT * FROM `photos_uid_comments` WHERE ( pid="1" )  [ RunTime:0.0002s ]
INFO: [ view_parse ] --START--
INFO: [ template_filter ] --START--
INFO: Run Behavior\ContentReplaceBehavior [ RunTime:0.000069s ]
INFO: [ template_filter ] --END-- [ RunTime:0.000116s ]
NOTIC: [8] Undefined variable: comments E:\program files\xampp\htdocs\ThinkPHP\Application\Runtime\Cache\Home\8e355508598cc1c21616b248edc73e01.php 第 141 行.
INFO: Run Behavior\ParseTemplateBehavior [ RunTime:0.007325s ]
INFO: [ view_parse ] --END-- [ RunTime:0.007365s ]
INFO: [ view_filter ] --START--
INFO: Run Behavior\WriteHtmlCacheBehavior [ RunTime:0.000429s ]
INFO: [ view_filter ] --END-- [ RunTime:0.000457s ]
INFO: [ app_end ] --START--
INFO: Run Behavior\ShowPageTraceBehavior [ RunTime:0.000609s ]
INFO: [ app_end ] --END-- [ RunTime:0.000642s ]

[ 2017-03-05T16:59:56+08:00 ] 127.0.0.1 /ThinkPHP/index.php/home/show/picshow/pid/1
INFO: [ app_init ] --START--
INFO: Run Behavior\BuildLiteBehavior [ RunTime:0.000013s ]
INFO: [ app_init ] --END-- [ RunTime:0.000359s ]
INFO: [ app_begin ] --START--
INFO: Run Behavior\ReadHtmlCacheBehavior [ RunTime:0.000768s ]
INFO: [ app_begin ] --END-- [ RunTime:0.000820s ]
SQL: SHOW COLUMNS FROM `photos` [ RunTime:0.0081s ]
SQL: SHOW COLUMNS FROM `photos_uid_comments` [ RunTime:0.0064s ]
SQL: SHOW COLUMNS FROM `user` [ RunTime:0.0065s ]
SQL: SHOW COLUMNS FROM `photos_tags` [ RunTime:0.0057s ]
SQL: SELECT * FROM `photos` WHERE ( pid="1" ) LIMIT 1   [ RunTime:0.0004s ]
SQL: SELECT * FROM `user` WHERE ( uid="3" ) LIMIT 1   [ RunTime:0.0004s ]
SQL: SELECT * FROM `photos_tags` WHERE ( pid="1" )  [ RunTime:0.0002s ]
NOTIC: [8] Undefined index: tags E:\program files\xampp\htdocs\ThinkPHP\Application\Home\Controller\ShowController.class.php 第 31 行.
SQL: SELECT * FROM `photos_uid_comments` WHERE ( pid="1" )  [ RunTime:0.0002s ]
INFO: [ view_parse ] --START--
INFO: [ template_filter ] --START--
INFO: Run Behavior\ContentReplaceBehavior [ RunTime:0.000043s ]
INFO: [ template_filter ] --END-- [ RunTime:0.000085s ]
NOTIC: [8] Undefined variable: comments E:\program files\xampp\htdocs\ThinkPHP\Application\Runtime\Cache\Home\8e355508598cc1c21616b248edc73e01.php 第 141 行.
INFO: Run Behavior\ParseTemplateBehavior [ RunTime:0.006986s ]
INFO: [ view_parse ] --END-- [ RunTime:0.007029s ]
INFO: [ view_filter ] --START--
INFO: Run Behavior\WriteHtmlCacheBehavior [ RunTime:0.000439s ]
INFO: [ view_filter ] --END-- [ RunTime:0.000469s ]
INFO: [ app_end ] --START--
INFO: Run Behavior\ShowPageTraceBehavior [ RunTime:0.000597s ]
INFO: [ app_end ] --END-- [ RunTime:0.000628s ]

[ 2017-03-05T17:03:26+08:00 ] 127.0.0.1 /ThinkPHP/index.php/home/show/picshow/pid/1
INFO: [ app_init ] --START--
INFO: Run Behavior\BuildLiteBehavior [ RunTime:0.000011s ]
INFO: [ app_init ] --END-- [ RunTime:0.000328s ]
INFO: [ app_begin ] --START--
INFO: Run Behavior\ReadHtmlCacheBehavior [ RunTime:0.000548s ]
INFO: [ app_begin ] --END-- [ RunTime:0.000585s ]
SQL: SHOW COLUMNS FROM `photos` [ RunTime:0.0105s ]
SQL: SHOW COLUMNS FROM `photos_uid_comments` [ RunTime:0.0060s ]
SQL: SHOW COLUMNS FROM `user` [ RunTime:0.0061s ]
SQL: SHOW COLUMNS FROM `photos_tags` [ RunTime:0.0059s ]
SQL: SELECT * FROM `photos` WHERE ( pid="1" ) LIMIT 1   [ RunTime:0.0003s ]
SQL: SELECT * FROM `user` WHERE ( uid="3" ) LIMIT 1   [ RunTime:0.0003s ]
SQL: SELECT * FROM `photos_tags` WHERE ( pid="1" )  [ RunTime:0.0002s ]
NOTIC: [8] Undefined index: tags E:\program files\xampp\htdocs\ThinkPHP\Application\Home\Controller\ShowController.class.php 第 32 行.
SQL: SELECT * FROM `photos_uid_comments` WHERE ( pid="1" )  [ RunTime:0.0002s ]
INFO: [ view_parse ] --START--
INFO: [ template_filter ] --START--
INFO: Run Behavior\ContentReplaceBehavior [ RunTime:0.000048s ]
INFO: [ template_filter ] --END-- [ RunTime:0.000094s ]
NOTIC: [8] Undefined variable: comments E:\program files\xampp\htdocs\ThinkPHP\Application\Runtime\Cache\Home\8e355508598cc1c21616b248edc73e01.php 第 141 行.
INFO: Run Behavior\ParseTemplateBehavior [ RunTime:0.057918s ]
INFO: [ view_parse ] --END-- [ RunTime:0.057971s ]
INFO: [ view_filter ] --START--
INFO: Run Behavior\WriteHtmlCacheBehavior [ RunTime:0.000526s ]
INFO: [ view_filter ] --END-- [ RunTime:0.000561s ]
INFO: [ app_end ] --START--
INFO: Run Behavior\ShowPageTraceBehavior [ RunTime:0.000673s ]
INFO: [ app_end ] --END-- [ RunTime:0.000717s ]

[ 2017-03-05T17:03:56+08:00 ] 127.0.0.1 /ThinkPHP/index.php/home/show/picshow/pid/1
INFO: [ app_init ] --START--
INFO: Run Behavior\BuildLiteBehavior [ RunTime:0.000021s ]
INFO: [ app_init ] --END-- [ RunTime:0.000646s ]
INFO: [ app_begin ] --START--
INFO: Run Behavior\ReadHtmlCacheBehavior [ RunTime:0.001387s ]
INFO: [ app_begin ] --END-- [ RunTime:0.001490s ]
SQL: SHOW COLUMNS FROM `photos` [ RunTime:0.0093s ]
SQL: SHOW COLUMNS FROM `photos_uid_comments` [ RunTime:0.0069s ]
SQL: SHOW COLUMNS FROM `user` [ RunTime:0.0072s ]
SQL: SHOW COLUMNS FROM `photos_tags` [ RunTime:0.0061s ]
SQL: SELECT * FROM `photos` WHERE ( pid="1" ) LIMIT 1   [ RunTime:0.0003s ]
SQL: SELECT * FROM `user` WHERE ( uid="3" ) LIMIT 1   [ RunTime:0.0003s ]
SQL: SELECT * FROM `photos_tags` WHERE ( pid="1" )  [ RunTime:0.0002s ]
NOTIC: [8] Undefined index: tags E:\program files\xampp\htdocs\ThinkPHP\Application\Home\Controller\ShowController.class.php 第 32 行.
SQL: SELECT * FROM `photos_uid_comments` WHERE ( pid="1" )  [ RunTime:0.0002s ]
INFO: [ view_parse ] --START--
INFO: [ template_filter ] --START--
INFO: Run Behavior\ContentReplaceBehavior [ RunTime:0.000043s ]
INFO: [ template_filter ] --END-- [ RunTime:0.000078s ]
NOTIC: [8] Undefined variable: comments E:\program files\xampp\htdocs\ThinkPHP\Application\Runtime\Cache\Home\8e355508598cc1c21616b248edc73e01.php 第 141 行.
INFO: Run Behavior\ParseTemplateBehavior [ RunTime:0.060710s ]
INFO: [ view_parse ] --END-- [ RunTime:0.060755s ]
INFO: [ view_filter ] --START--
INFO: Run Behavior\WriteHtmlCacheBehavior [ RunTime:0.000471s ]
INFO: [ view_filter ] --END-- [ RunTime:0.000503s ]
INFO: [ app_end ] --START--
INFO: Run Behavior\ShowPageTraceBehavior [ RunTime:0.000725s ]
INFO: [ app_end ] --END-- [ RunTime:0.000762s ]

[ 2017-03-05T17:03:57+08:00 ] 127.0.0.1 /ThinkPHP/index.php/home/show/picshow/pid/1
INFO: [ app_init ] --START--
INFO: Run Behavior\BuildLiteBehavior [ RunTime:0.000011s ]
INFO: [ app_init ] --END-- [ RunTime:0.000329s ]
INFO: [ app_begin ] --START--
INFO: Run Behavior\ReadHtmlCacheBehavior [ RunTime:0.000628s ]
INFO: [ app_begin ] --END-- [ RunTime:0.000676s ]
SQL: SHOW COLUMNS FROM `photos` [ RunTime:0.0280s ]
SQL: SHOW COLUMNS FROM `photos_uid_comments` [ RunTime:0.0108s ]
SQL: SHOW COLUMNS FROM `user` [ RunTime:0.0088s ]
SQL: SHOW COLUMNS FROM `photos_tags` [ RunTime:0.0069s ]
SQL: SELECT * FROM `photos` WHERE ( pid="1" ) LIMIT 1   [ RunTime:0.0003s ]
SQL: SELECT * FROM `user` WHERE ( uid="3" ) LIMIT 1   [ RunTime:0.0003s ]
SQL: SELECT * FROM `photos_tags` WHERE ( pid="1" )  [ RunTime:0.0002s ]
NOTIC: [8] Undefined index: tags E:\program files\xampp\htdocs\ThinkPHP\Application\Home\Controller\ShowController.class.php 第 32 行.
SQL: SELECT * FROM `photos_uid_comments` WHERE ( pid="1" )  [ RunTime:0.0002s ]
INFO: [ view_parse ] --START--
INFO: [ template_filter ] --START--
INFO: Run Behavior\ContentReplaceBehavior [ RunTime:0.000072s ]
INFO: [ template_filter ] --END-- [ RunTime:0.000139s ]
NOTIC: [8] Undefined variable: comments E:\program files\xampp\htdocs\ThinkPHP\Application\Runtime\Cache\Home\8e355508598cc1c21616b248edc73e01.php 第 141 行.
INFO: Run Behavior\ParseTemplateBehavior [ RunTime:0.009860s ]
INFO: [ view_parse ] --END-- [ RunTime:0.009915s ]
INFO: [ view_filter ] --START--
INFO: Run Behavior\WriteHtmlCacheBehavior [ RunTime:0.000695s ]
INFO: [ view_filter ] --END-- [ RunTime:0.000747s ]
INFO: [ app_end ] --START--
INFO: Run Behavior\ShowPageTraceBehavior [ RunTime:0.000944s ]
INFO: [ app_end ] --END-- [ RunTime:0.000997s ]

[ 2017-03-05T17:04:01+08:00 ] 127.0.0.1 /ThinkPHP/index.php/home/show/usershow/uid/3
INFO: [ app_init ] --START--
INFO: Run Behavior\BuildLiteBehavior [ RunTime:0.000016s ]
INFO: [ app_init ] --END-- [ RunTime:0.000434s ]
INFO: [ app_begin ] --START--
INFO: Run Behavior\ReadHtmlCacheBehavior [ RunTime:0.000592s ]
INFO: [ app_begin ] --END-- [ RunTime:0.000628s ]
SQL: SHOW COLUMNS FROM `user` [ RunTime:0.0103s ]
SQL: SELECT * FROM `user` WHERE ( uid="3" ) LIMIT 1   [ RunTime:0.0003s ]
NOTIC: [8] Undefined index: uintro E:\program files\xampp\htdocs\ThinkPHP\Application\Home\Controller\ShowController.class.php 第 65 行.
INFO: [ view_parse ] --START--
INFO: [ template_filter ] --START--
INFO: Run Behavior\ContentReplaceBehavior [ RunTime:0.000046s ]
INFO: [ template_filter ] --END-- [ RunTime:0.000086s ]
NOTIC: [8] Undefined variable: stext E:\program files\xampp\htdocs\ThinkPHP\Application\Runtime\Cache\Home\220496c65c1076bdf06caa44fd3b913d.php 第 43 行.
NOTIC: [8] Undefined variable: select E:\program files\xampp\htdocs\ThinkPHP\Application\Runtime\Cache\Home\220496c65c1076bdf06caa44fd3b913d.php 第 45 行.
INFO: Run Behavior\ParseTemplateBehavior [ RunTime:0.111638s ]
INFO: [ view_parse ] --END-- [ RunTime:0.111685s ]
INFO: [ view_filter ] --START--
INFO: Run Behavior\WriteHtmlCacheBehavior [ RunTime:0.000609s ]
INFO: [ view_filter ] --END-- [ RunTime:0.000649s ]
INFO: [ app_end ] --START--
INFO: Run Behavior\ShowPageTraceBehavior [ RunTime:0.000624s ]
INFO: [ app_end ] --END-- [ RunTime:0.000659s ]

[ 2017-03-05T17:04:01+08:00 ] 127.0.0.1 /ThinkPHP/index.php/home/show/usershow/uid/3
INFO: [ app_init ] --START--
INFO: Run Behavior\BuildLiteBehavior [ RunTime:0.000010s ]
INFO: [ app_init ] --END-- [ RunTime:0.000286s ]
INFO: [ app_begin ] --START--
INFO: Run Behavior\ReadHtmlCacheBehavior [ RunTime:0.000546s ]
INFO: [ app_begin ] --END-- [ RunTime:0.000595s ]
SQL: SHOW COLUMNS FROM `user` [ RunTime:0.0284s ]
SQL: SELECT * FROM `user` WHERE ( uid="3" ) LIMIT 1   [ RunTime:0.0003s ]
NOTIC: [8] Undefined index: uintro E:\program files\xampp\htdocs\ThinkPHP\Application\Home\Controller\ShowController.class.php 第 65 行.
INFO: [ view_parse ] --START--
INFO: [ template_filter ] --START--
INFO: Run Behavior\ContentReplaceBehavior [ RunTime:0.000106s ]
INFO: [ template_filter ] --END-- [ RunTime:0.000221s ]
NOTIC: [8] Undefined variable: stext E:\program files\xampp\htdocs\ThinkPHP\Application\Runtime\Cache\Home\220496c65c1076bdf06caa44fd3b913d.php 第 43 行.
NOTIC: [8] Undefined variable: select E:\program files\xampp\htdocs\ThinkPHP\Application\Runtime\Cache\Home\220496c65c1076bdf06caa44fd3b913d.php 第 45 行.
INFO: Run Behavior\ParseTemplateBehavior [ RunTime:0.010549s ]
INFO: [ view_parse ] --END-- [ RunTime:0.010601s ]
INFO: [ view_filter ] --START--
INFO: Run Behavior\WriteHtmlCacheBehavior [ RunTime:0.000491s ]
INFO: [ view_filter ] --END-- [ RunTime:0.000525s ]
INFO: [ app_end ] --START--
INFO: Run Behavior\ShowPageTraceBehavior [ RunTime:0.000615s ]
INFO: [ app_end ] --END-- [ RunTime:0.000650s ]

[ 2017-03-05T17:06:57+08:00 ] 127.0.0.1 /ThinkPHP/index.php/home/show/usershow/uid/3
INFO: [ app_init ] --START--
INFO: Run Behavior\BuildLiteBehavior [ RunTime:0.000016s ]
INFO: [ app_init ] --END-- [ RunTime:0.000467s ]
INFO: [ app_begin ] --START--
INFO: Run Behavior\ReadHtmlCacheBehavior [ RunTime:0.001579s ]
INFO: [ app_begin ] --END-- [ RunTime:0.001689s ]
SQL: SHOW COLUMNS FROM `user` [ RunTime:0.0840s ]
SQL: SELECT * FROM `user` WHERE ( uid="3" ) LIMIT 1   [ RunTime:0.0003s ]
NOTIC: [8] Undefined index: uintro E:\program files\xampp\htdocs\ThinkPHP\Application\Home\Controller\ShowController.class.php 第 65 行.
INFO: [ view_parse ] --START--
INFO: [ template_filter ] --START--
INFO: Run Behavior\ContentReplaceBehavior [ RunTime:0.000077s ]
INFO: [ template_filter ] --END-- [ RunTime:0.000140s ]
NOTIC: [8] Undefined variable: stext E:\program files\xampp\htdocs\ThinkPHP\Application\Runtime\Cache\Home\220496c65c1076bdf06caa44fd3b913d.php 第 43 行.
NOTIC: [8] Undefined variable: select E:\program files\xampp\htdocs\ThinkPHP\Application\Runtime\Cache\Home\220496c65c1076bdf06caa44fd3b913d.php 第 45 行.
INFO: Run Behavior\ParseTemplateBehavior [ RunTime:0.020830s ]
INFO: [ view_parse ] --END-- [ RunTime:0.020869s ]
INFO: [ view_filter ] --START--
INFO: Run Behavior\WriteHtmlCacheBehavior [ RunTime:0.000464s ]
INFO: [ view_filter ] --END-- [ RunTime:0.000493s ]
INFO: [ app_end ] --START--
INFO: Run Behavior\ShowPageTraceBehavior [ RunTime:0.000561s ]
INFO: [ app_end ] --END-- [ RunTime:0.000591s ]

[ 2017-03-05T17:06:57+08:00 ] 127.0.0.1 /ThinkPHP/index.php/home/show/usershow/uid/3
INFO: [ app_init ] --START--
INFO: Run Behavior\BuildLiteBehavior [ RunTime:0.000012s ]
INFO: [ app_init ] --END-- [ RunTime:0.000297s ]
INFO: [ app_begin ] --START--
INFO: Run Behavior\ReadHtmlCacheBehavior [ RunTime:0.000552s ]
INFO: [ app_begin ] --END-- [ RunTime:0.000587s ]
SQL: SHOW COLUMNS FROM `user` [ RunTime:0.0044s ]
SQL: SELECT * FROM `user` WHERE ( uid="3" ) LIMIT 1   [ RunTime:0.0003s ]
NOTIC: [8] Undefined index: uintro E:\program files\xampp\htdocs\ThinkPHP\Application\Home\Controller\ShowController.class.php 第 65 行.
INFO: [ view_parse ] --START--
INFO: [ template_filter ] --START--
INFO: Run Behavior\ContentReplaceBehavior [ RunTime:0.000052s ]
INFO: [ template_filter ] --END-- [ RunTime:0.000100s ]
NOTIC: [8] Undefined variable: stext E:\program files\xampp\htdocs\ThinkPHP\Application\Runtime\Cache\Home\220496c65c1076bdf06caa44fd3b913d.php 第 43 行.
NOTIC: [8] Undefined variable: select E:\program files\xampp\htdocs\ThinkPHP\Application\Runtime\Cache\Home\220496c65c1076bdf06caa44fd3b913d.php 第 45 行.
INFO: Run Behavior\ParseTemplateBehavior [ RunTime:0.010323s ]
INFO: [ view_parse ] --END-- [ RunTime:0.010370s ]
INFO: [ view_filter ] --START--
INFO: Run Behavior\WriteHtmlCacheBehavior [ RunTime:0.000496s ]
INFO: [ view_filter ] --END-- [ RunTime:0.000526s ]
INFO: [ app_end ] --START--
INFO: Run Behavior\ShowPageTraceBehavior [ RunTime:0.000565s ]
INFO: [ app_end ] --END-- [ RunTime:0.000598s ]

[ 2017-03-05T17:33:09+08:00 ] 127.0.0.1 /ThinkPHP/index.php/home/show/usershow/uid/3
INFO: [ app_init ] --START--
INFO: Run Behavior\BuildLiteBehavior [ RunTime:0.000010s ]
INFO: [ app_init ] --END-- [ RunTime:0.000325s ]
INFO: [ app_begin ] --START--
INFO: Run Behavior\ReadHtmlCacheBehavior [ RunTime:0.000575s ]
INFO: [ app_begin ] --END-- [ RunTime:0.000612s ]
SQL: SHOW COLUMNS FROM `user` [ RunTime:0.0985s ]
SQL: SHOW COLUMNS FROM `photos` [ RunTime:0.0058s ]
SQL: SELECT * FROM `user` WHERE ( uid="3" ) LIMIT 1   [ RunTime:0.0004s ]
NOTIC: [8] Undefined index: uintro E:\program files\xampp\htdocs\ThinkPHP\Application\Home\Controller\ShowController.class.php 第 66 行.
SQL: SELECT * FROM `photos` WHERE ( uid="3" )  [ RunTime:0.0004s ]
NOTIC: [8] Undefined index: picture E:\program files\xampp\htdocs\ThinkPHP\Application\Home\Controller\ShowController.class.php 第 70 行.
NOTIC: [8] Undefined index: pindecator E:\program files\xampp\htdocs\ThinkPHP\Application\Home\Controller\ShowController.class.php 第 74 行.
INFO: [ view_parse ] --START--
INFO: [ template_filter ] --START--
INFO: Run Behavior\ContentReplaceBehavior [ RunTime:0.000047s ]
INFO: [ template_filter ] --END-- [ RunTime:0.000088s ]
NOTIC: [8] Undefined variable: stext E:\program files\xampp\htdocs\ThinkPHP\Application\Runtime\Cache\Home\220496c65c1076bdf06caa44fd3b913d.php 第 43 行.
NOTIC: [8] Undefined variable: select E:\program files\xampp\htdocs\ThinkPHP\Application\Runtime\Cache\Home\220496c65c1076bdf06caa44fd3b913d.php 第 45 行.
NOTIC: [8] Undefined variable: indecator E:\program files\xampp\htdocs\ThinkPHP\Application\Runtime\Cache\Home\220496c65c1076bdf06caa44fd3b913d.php 第 146 行.
INFO: Run Behavior\ParseTemplateBehavior [ RunTime:0.022016s ]
INFO: [ view_parse ] --END-- [ RunTime:0.022070s ]
INFO: [ view_filter ] --START--
INFO: Run Behavior\WriteHtmlCacheBehavior [ RunTime:0.000559s ]
INFO: [ view_filter ] --END-- [ RunTime:0.000603s ]
INFO: [ app_end ] --START--
INFO: Run Behavior\ShowPageTraceBehavior [ RunTime:0.000611s ]
INFO: [ app_end ] --END-- [ RunTime:0.000647s ]

[ 2017-03-05T17:33:09+08:00 ] 127.0.0.1 /ThinkPHP/index.php/home/show/usershow/uid/3
INFO: [ app_init ] --START--
INFO: Run Behavior\BuildLiteBehavior [ RunTime:0.000011s ]
INFO: [ app_init ] --END-- [ RunTime:0.000293s ]
INFO: [ app_begin ] --START--
INFO: Run Behavior\ReadHtmlCacheBehavior [ RunTime:0.000580s ]
INFO: [ app_begin ] --END-- [ RunTime:0.000628s ]
SQL: SHOW COLUMNS FROM `user` [ RunTime:0.0042s ]
SQL: SHOW COLUMNS FROM `photos` [ RunTime:0.0041s ]
SQL: SELECT * FROM `user` WHERE ( uid="3" ) LIMIT 1   [ RunTime:0.0003s ]
NOTIC: [8] Undefined index: uintro E:\program files\xampp\htdocs\ThinkPHP\Application\Home\Controller\ShowController.class.php 第 66 行.
SQL: SELECT * FROM `photos` WHERE ( uid="3" )  [ RunTime:0.0002s ]
NOTIC: [8] Undefined index: picture E:\program files\xampp\htdocs\ThinkPHP\Application\Home\Controller\ShowController.class.php 第 70 行.
NOTIC: [8] Undefined index: pindecator E:\program files\xampp\htdocs\ThinkPHP\Application\Home\Controller\ShowController.class.php 第 74 行.
INFO: [ view_parse ] --START--
INFO: [ template_filter ] --START--
INFO: Run Behavior\ContentReplaceBehavior [ RunTime:0.000043s ]
INFO: [ template_filter ] --END-- [ RunTime:0.000077s ]
NOTIC: [8] Undefined variable: stext E:\program files\xampp\htdocs\ThinkPHP\Application\Runtime\Cache\Home\220496c65c1076bdf06caa44fd3b913d.php 第 43 行.
NOTIC: [8] Undefined variable: select E:\program files\xampp\htdocs\ThinkPHP\Application\Runtime\Cache\Home\220496c65c1076bdf06caa44fd3b913d.php 第 45 行.
NOTIC: [8] Undefined variable: indecator E:\program files\xampp\htdocs\ThinkPHP\Application\Runtime\Cache\Home\220496c65c1076bdf06caa44fd3b913d.php 第 146 行.
INFO: Run Behavior\ParseTemplateBehavior [ RunTime:0.006757s ]
INFO: [ view_parse ] --END-- [ RunTime:0.006798s ]
INFO: [ view_filter ] --START--
INFO: Run Behavior\WriteHtmlCacheBehavior [ RunTime:0.000753s ]
INFO: [ view_filter ] --END-- [ RunTime:0.000800s ]
INFO: [ app_end ] --START--
INFO: Run Behavior\ShowPageTraceBehavior [ RunTime:0.001061s ]
INFO: [ app_end ] --END-- [ RunTime:0.001127s ]

[ 2017-03-05T17:34:26+08:00 ] 127.0.0.1 /ThinkPHP/index.php/home/show/usershow/uid/3
INFO: [ app_init ] --START--
INFO: Run Behavior\BuildLiteBehavior [ RunTime:0.000017s ]
INFO: [ app_init ] --END-- [ RunTime:0.000503s ]
INFO: [ app_begin ] --START--
INFO: Run Behavior\ReadHtmlCacheBehavior [ RunTime:0.000984s ]
INFO: [ app_begin ] --END-- [ RunTime:0.001049s ]
SQL: SHOW COLUMNS FROM `user` [ RunTime:0.0140s ]
SQL: SHOW COLUMNS FROM `photos` [ RunTime:0.0071s ]
SQL: SELECT * FROM `user` WHERE ( uid="3" ) LIMIT 1   [ RunTime:0.0003s ]
NOTIC: [8] Undefined index: uintro E:\program files\xampp\htdocs\ThinkPHP\Application\Home\Controller\ShowController.class.php 第 66 行.
SQL: SELECT * FROM `photos` WHERE ( uid="3" )  [ RunTime:0.0003s ]
NOTIC: [8] Undefined index: picture E:\program files\xampp\htdocs\ThinkPHP\Application\Home\Controller\ShowController.class.php 第 70 行.
NOTIC: [8] Undefined index: pindecator E:\program files\xampp\htdocs\ThinkPHP\Application\Home\Controller\ShowController.class.php 第 74 行.
INFO: [ view_parse ] --START--
INFO: [ template_filter ] --START--
INFO: Run Behavior\ContentReplaceBehavior [ RunTime:0.000050s ]
INFO: [ template_filter ] --END-- [ RunTime:0.000091s ]
NOTIC: [8] Undefined variable: stext E:\program files\xampp\htdocs\ThinkPHP\Application\Runtime\Cache\Home\220496c65c1076bdf06caa44fd3b913d.php 第 43 行.
NOTIC: [8] Undefined variable: select E:\program files\xampp\htdocs\ThinkPHP\Application\Runtime\Cache\Home\220496c65c1076bdf06caa44fd3b913d.php 第 45 行.
INFO: Run Behavior\ParseTemplateBehavior [ RunTime:0.115330s ]
INFO: [ view_parse ] --END-- [ RunTime:0.115412s ]
INFO: [ view_filter ] --START--
INFO: Run Behavior\WriteHtmlCacheBehavior [ RunTime:0.001123s ]
INFO: [ view_filter ] --END-- [ RunTime:0.001204s ]
INFO: [ app_end ] --START--
INFO: Run Behavior\ShowPageTraceBehavior [ RunTime:0.001053s ]
INFO: [ app_end ] --END-- [ RunTime:0.001109s ]

[ 2017-03-05T17:34:26+08:00 ] 127.0.0.1 /ThinkPHP/index.php/home/show/usershow/uid/3
INFO: [ app_init ] --START--
INFO: Run Behavior\BuildLiteBehavior [ RunTime:0.000019s ]
INFO: [ app_init ] --END-- [ RunTime:0.000627s ]
INFO: [ app_begin ] --START--
INFO: Run Behavior\ReadHtmlCacheBehavior [ RunTime:0.001014s ]
INFO: [ app_begin ] --END-- [ RunTime:0.001092s ]
SQL: SHOW COLUMNS FROM `user` [ RunTime:0.0163s ]
SQL: SHOW COLUMNS FROM `photos` [ RunTime:0.0109s ]
SQL: SELECT * FROM `user` WHERE ( uid="3" ) LIMIT 1   [ RunTime:0.0003s ]
NOTIC: [8] Undefined index: uintro E:\program files\xampp\htdocs\ThinkPHP\Application\Home\Controller\ShowController.class.php 第 66 行.
SQL: SELECT * FROM `photos` WHERE ( uid="3" )  [ RunTime:0.0002s ]
NOTIC: [8] Undefined index: picture E:\program files\xampp\htdocs\ThinkPHP\Application\Home\Controller\ShowController.class.php 第 70 行.
NOTIC: [8] Undefined index: pindecator E:\program files\xampp\htdocs\ThinkPHP\Application\Home\Controller\ShowController.class.php 第 74 行.
INFO: [ view_parse ] --START--
INFO: [ template_filter ] --START--
INFO: Run Behavior\ContentReplaceBehavior [ RunTime:0.000052s ]
INFO: [ template_filter ] --END-- [ RunTime:0.000103s ]
NOTIC: [8] Undefined variable: stext E:\program files\xampp\htdocs\ThinkPHP\Application\Runtime\Cache\Home\220496c65c1076bdf06caa44fd3b913d.php 第 43 行.
NOTIC: [8] Undefined variable: select E:\program files\xampp\htdocs\ThinkPHP\Application\Runtime\Cache\Home\220496c65c1076bdf06caa44fd3b913d.php 第 45 行.
INFO: Run Behavior\ParseTemplateBehavior [ RunTime:0.009252s ]
INFO: [ view_parse ] --END-- [ RunTime:0.009299s ]
INFO: [ view_filter ] --START--
INFO: Run Behavior\WriteHtmlCacheBehavior [ RunTime:0.000538s ]
INFO: [ view_filter ] --END-- [ RunTime:0.000571s ]
INFO: [ app_end ] --START--
INFO: Run Behavior\ShowPageTraceBehavior [ RunTime:0.000665s ]
INFO: [ app_end ] --END-- [ RunTime:0.000701s ]

[ 2017-03-05T17:35:05+08:00 ] 127.0.0.1 /ThinkPHP/index.php/home/show/usershow/uid/3
INFO: [ app_init ] --START--
INFO: Run Behavior\BuildLiteBehavior [ RunTime:0.000011s ]
INFO: [ app_init ] --END-- [ RunTime:0.000328s ]
INFO: [ app_begin ] --START--
INFO: Run Behavior\ReadHtmlCacheBehavior [ RunTime:0.000629s ]
INFO: [ app_begin ] --END-- [ RunTime:0.000672s ]
SQL: SHOW COLUMNS FROM `user` [ RunTime:0.0124s ]
SQL: SHOW COLUMNS FROM `photos` [ RunTime:0.0202s ]
SQL: SELECT * FROM `user` WHERE ( uid="3" ) LIMIT 1   [ RunTime:0.0003s ]
NOTIC: [8] Undefined index: uintro E:\program files\xampp\htdocs\ThinkPHP\Application\Home\Controller\ShowController.class.php 第 66 行.
SQL: SELECT * FROM `photos` WHERE ( uid="3" )  [ RunTime:0.0003s ]
NOTIC: [8] Undefined index: picture E:\program files\xampp\htdocs\ThinkPHP\Application\Home\Controller\ShowController.class.php 第 70 行.
NOTIC: [8] Undefined index: pindecator E:\program files\xampp\htdocs\ThinkPHP\Application\Home\Controller\ShowController.class.php 第 74 行.
INFO: [ view_parse ] --START--
INFO: [ template_filter ] --START--
INFO: Run Behavior\ContentReplaceBehavior [ RunTime:0.000075s ]
INFO: [ template_filter ] --END-- [ RunTime:0.000137s ]
NOTIC: [8] Undefined variable: stext E:\program files\xampp\htdocs\ThinkPHP\Application\Runtime\Cache\Home\220496c65c1076bdf06caa44fd3b913d.php 第 43 行.
NOTIC: [8] Undefined variable: select E:\program files\xampp\htdocs\ThinkPHP\Application\Runtime\Cache\Home\220496c65c1076bdf06caa44fd3b913d.php 第 45 行.
INFO: Run Behavior\ParseTemplateBehavior [ RunTime:0.009260s ]
INFO: [ view_parse ] --END-- [ RunTime:0.009308s ]
INFO: [ view_filter ] --START--
INFO: Run Behavior\WriteHtmlCacheBehavior [ RunTime:0.000498s ]
INFO: [ view_filter ] --END-- [ RunTime:0.000531s ]
INFO: [ app_end ] --START--
INFO: Run Behavior\ShowPageTraceBehavior [ RunTime:0.000666s ]
INFO: [ app_end ] --END-- [ RunTime:0.000703s ]

[ 2017-03-05T17:35:05+08:00 ] 127.0.0.1 /ThinkPHP/index.php/home/show/usershow/uid/3
INFO: [ app_init ] --START--
INFO: Run Behavior\BuildLiteBehavior [ RunTime:0.000022s ]
INFO: [ app_init ] --END-- [ RunTime:0.000563s ]
INFO: [ app_begin ] --START--
INFO: Run Behavior\ReadHtmlCacheBehavior [ RunTime:0.001109s ]
INFO: [ app_begin ] --END-- [ RunTime:0.001193s ]
SQL: SHOW COLUMNS FROM `user` [ RunTime:0.0079s ]
SQL: SHOW COLUMNS FROM `photos` [ RunTime:0.0040s ]
SQL: SELECT * FROM `user` WHERE ( uid="3" ) LIMIT 1   [ RunTime:0.0003s ]
NOTIC: [8] Undefined index: uintro E:\program files\xampp\htdocs\ThinkPHP\Application\Home\Controller\ShowController.class.php 第 66 行.
SQL: SELECT * FROM `photos` WHERE ( uid="3" )  [ RunTime:0.0002s ]
NOTIC: [8] Undefined index: picture E:\program files\xampp\htdocs\ThinkPHP\Application\Home\Controller\ShowController.class.php 第 70 行.
NOTIC: [8] Undefined index: pindecator E:\program files\xampp\htdocs\ThinkPHP\Application\Home\Controller\ShowController.class.php 第 74 行.
INFO: [ view_parse ] --START--
INFO: [ template_filter ] --START--
INFO: Run Behavior\ContentReplaceBehavior [ RunTime:0.000056s ]
INFO: [ template_filter ] --END-- [ RunTime:0.000133s ]
NOTIC: [8] Undefined variable: stext E:\program files\xampp\htdocs\ThinkPHP\Application\Runtime\Cache\Home\220496c65c1076bdf06caa44fd3b913d.php 第 43 行.
NOTIC: [8] Undefined variable: select E:\program files\xampp\htdocs\ThinkPHP\Application\Runtime\Cache\Home\220496c65c1076bdf06caa44fd3b913d.php 第 45 行.
INFO: Run Behavior\ParseTemplateBehavior [ RunTime:0.009650s ]
INFO: [ view_parse ] --END-- [ RunTime:0.009700s ]
INFO: [ view_filter ] --START--
INFO: Run Behavior\WriteHtmlCacheBehavior [ RunTime:0.000703s ]
INFO: [ view_filter ] --END-- [ RunTime:0.000750s ]
INFO: [ app_end ] --START--
INFO: Run Behavior\ShowPageTraceBehavior [ RunTime:0.000939s ]
INFO: [ app_end ] --END-- [ RunTime:0.000991s ]

[ 2017-03-05T17:35:06+08:00 ] 127.0.0.1 /ThinkPHP/index.php/home/show/usershow/uid/3
INFO: [ app_init ] --START--
INFO: Run Behavior\BuildLiteBehavior [ RunTime:0.000010s ]
INFO: [ app_init ] --END-- [ RunTime:0.000300s ]
INFO: [ app_begin ] --START--
INFO: Run Behavior\ReadHtmlCacheBehavior [ RunTime:0.000632s ]
INFO: [ app_begin ] --END-- [ RunTime:0.000668s ]
SQL: SHOW COLUMNS FROM `user` [ RunTime:0.0205s ]
SQL: SHOW COLUMNS FROM `photos` [ RunTime:0.0062s ]
SQL: SELECT * FROM `user` WHERE ( uid="3" ) LIMIT 1   [ RunTime:0.0003s ]
NOTIC: [8] Undefined index: uintro E:\program files\xampp\htdocs\ThinkPHP\Application\Home\Controller\ShowController.class.php 第 66 行.
SQL: SELECT * FROM `photos` WHERE ( uid="3" )  [ RunTime:0.0002s ]
NOTIC: [8] Undefined index: picture E:\program files\xampp\htdocs\ThinkPHP\Application\Home\Controller\ShowController.class.php 第 70 行.
NOTIC: [8] Undefined index: pindecator E:\program files\xampp\htdocs\ThinkPHP\Application\Home\Controller\ShowController.class.php 第 74 行.
INFO: [ view_parse ] --START--
INFO: [ template_filter ] --START--
INFO: Run Behavior\ContentReplaceBehavior [ RunTime:0.000043s ]
INFO: [ template_filter ] --END-- [ RunTime:0.000077s ]
NOTIC: [8] Undefined variable: stext E:\program files\xampp\htdocs\ThinkPHP\Application\Runtime\Cache\Home\220496c65c1076bdf06caa44fd3b913d.php 第 43 行.
NOTIC: [8] Undefined variable: select E:\program files\xampp\htdocs\ThinkPHP\Application\Runtime\Cache\Home\220496c65c1076bdf06caa44fd3b913d.php 第 45 行.
INFO: Run Behavior\ParseTemplateBehavior [ RunTime:0.006498s ]
INFO: [ view_parse ] --END-- [ RunTime:0.006540s ]
INFO: [ view_filter ] --START--
INFO: Run Behavior\WriteHtmlCacheBehavior [ RunTime:0.000485s ]
INFO: [ view_filter ] --END-- [ RunTime:0.000516s ]
INFO: [ app_end ] --START--
INFO: Run Behavior\ShowPageTraceBehavior [ RunTime:0.000584s ]
INFO: [ app_end ] --END-- [ RunTime:0.000614s ]

[ 2017-03-05T17:35:06+08:00 ] 127.0.0.1 /ThinkPHP/index.php/home/show/usershow/uid/3
INFO: [ app_init ] --START--
INFO: Run Behavior\BuildLiteBehavior [ RunTime:0.000012s ]
INFO: [ app_init ] --END-- [ RunTime:0.000314s ]
INFO: [ app_begin ] --START--
INFO: Run Behavior\ReadHtmlCacheBehavior [ RunTime:0.000565s ]
INFO: [ app_begin ] --END-- [ RunTime:0.000611s ]
SQL: SHOW COLUMNS FROM `user` [ RunTime:0.0037s ]
SQL: SHOW COLUMNS FROM `photos` [ RunTime:0.0043s ]
SQL: SELECT * FROM `user` WHERE ( uid="3" ) LIMIT 1   [ RunTime:0.0004s ]
NOTIC: [8] Undefined index: uintro E:\program files\xampp\htdocs\ThinkPHP\Application\Home\Controller\ShowController.class.php 第 66 行.
SQL: SELECT * FROM `photos` WHERE ( uid="3" )  [ RunTime:0.0006s ]
NOTIC: [8] Undefined index: picture E:\program files\xampp\htdocs\ThinkPHP\Application\Home\Controller\ShowController.class.php 第 70 行.
NOTIC: [8] Undefined index: pindecator E:\program files\xampp\htdocs\ThinkPHP\Application\Home\Controller\ShowController.class.php 第 74 行.
INFO: [ view_parse ] --START--
INFO: [ template_filter ] --START--
INFO: Run Behavior\ContentReplaceBehavior [ RunTime:0.000073s ]
INFO: [ template_filter ] --END-- [ RunTime:0.000163s ]
NOTIC: [8] Undefined variable: stext E:\program files\xampp\htdocs\ThinkPHP\Application\Runtime\Cache\Home\220496c65c1076bdf06caa44fd3b913d.php 第 43 行.
NOTIC: [8] Undefined variable: select E:\program files\xampp\htdocs\ThinkPHP\Application\Runtime\Cache\Home\220496c65c1076bdf06caa44fd3b913d.php 第 45 行.
INFO: Run Behavior\ParseTemplateBehavior [ RunTime:0.013204s ]
INFO: [ view_parse ] --END-- [ RunTime:0.013296s ]
INFO: [ view_filter ] --START--
INFO: Run Behavior\WriteHtmlCacheBehavior [ RunTime:0.000430s ]
INFO: [ view_filter ] --END-- [ RunTime:0.000458s ]
INFO: [ app_end ] --START--
INFO: Run Behavior\ShowPageTraceBehavior [ RunTime:0.000594s ]
INFO: [ app_end ] --END-- [ RunTime:0.000627s ]

[ 2017-03-05T17:35:06+08:00 ] 127.0.0.1 /ThinkPHP/index.php/home/show/usershow/uid/3
INFO: [ app_init ] --START--
INFO: Run Behavior\BuildLiteBehavior [ RunTime:0.000010s ]
INFO: [ app_init ] --END-- [ RunTime:0.000288s ]
INFO: [ app_begin ] --START--
INFO: Run Behavior\ReadHtmlCacheBehavior [ RunTime:0.000915s ]
INFO: [ app_begin ] --END-- [ RunTime:0.000958s ]
SQL: SHOW COLUMNS FROM `user` [ RunTime:0.0055s ]
SQL: SHOW COLUMNS FROM `photos` [ RunTime:0.0043s ]
SQL: SELECT * FROM `user` WHERE ( uid="3" ) LIMIT 1   [ RunTime:0.0003s ]
NOTIC: [8] Undefined index: uintro E:\program files\xampp\htdocs\ThinkPHP\Application\Home\Controller\ShowController.class.php 第 66 行.
SQL: SELECT * FROM `photos` WHERE ( uid="3" )  [ RunTime:0.0002s ]
NOTIC: [8] Undefined index: picture E:\program files\xampp\htdocs\ThinkPHP\Application\Home\Controller\ShowController.class.php 第 70 行.
NOTIC: [8] Undefined index: pindecator E:\program files\xampp\htdocs\ThinkPHP\Application\Home\Controller\ShowController.class.php 第 74 行.
INFO: [ view_parse ] --START--
INFO: [ template_filter ] --START--
INFO: Run Behavior\ContentReplaceBehavior [ RunTime:0.000049s ]
INFO: [ template_filter ] --END-- [ RunTime:0.000099s ]
NOTIC: [8] Undefined variable: stext E:\program files\xampp\htdocs\ThinkPHP\Application\Runtime\Cache\Home\220496c65c1076bdf06caa44fd3b913d.php 第 43 行.
NOTIC: [8] Undefined variable: select E:\program files\xampp\htdocs\ThinkPHP\Application\Runtime\Cache\Home\220496c65c1076bdf06caa44fd3b913d.php 第 45 行.
INFO: Run Behavior\ParseTemplateBehavior [ RunTime:0.009038s ]
INFO: [ view_parse ] --END-- [ RunTime:0.009091s ]
INFO: [ view_filter ] --START--
INFO: Run Behavior\WriteHtmlCacheBehavior [ RunTime:0.000665s ]
INFO: [ view_filter ] --END-- [ RunTime:0.000708s ]
INFO: [ app_end ] --START--
INFO: Run Behavior\ShowPageTraceBehavior [ RunTime:0.000859s ]
INFO: [ app_end ] --END-- [ RunTime:0.000905s ]

[ 2017-03-05T17:35:06+08:00 ] 127.0.0.1 /ThinkPHP/index.php/home/show/usershow/uid/3
INFO: [ app_init ] --START--
INFO: Run Behavior\BuildLiteBehavior [ RunTime:0.000021s ]
INFO: [ app_init ] --END-- [ RunTime:0.000441s ]
INFO: [ app_begin ] --START--
INFO: Run Behavior\ReadHtmlCacheBehavior [ RunTime:0.000637s ]
INFO: [ app_begin ] --END-- [ RunTime:0.000680s ]
SQL: SHOW COLUMNS FROM `user` [ RunTime:0.0102s ]
SQL: SHOW COLUMNS FROM `photos` [ RunTime:0.0305s ]
SQL: SELECT * FROM `user` WHERE ( uid="3" ) LIMIT 1   [ RunTime:0.0003s ]
NOTIC: [8] Undefined index: uintro E:\program files\xampp\htdocs\ThinkPHP\Application\Home\Controller\ShowController.class.php 第 66 行.
SQL: SELECT * FROM `photos` WHERE ( uid="3" )  [ RunTime:0.0003s ]
NOTIC: [8] Undefined index: picture E:\program files\xampp\htdocs\ThinkPHP\Application\Home\Controller\ShowController.class.php 第 70 行.
NOTIC: [8] Undefined index: pindecator E:\program files\xampp\htdocs\ThinkPHP\Application\Home\Controller\ShowController.class.php 第 74 行.
INFO: [ view_parse ] --START--
INFO: [ template_filter ] --START--
INFO: Run Behavior\ContentReplaceBehavior [ RunTime:0.000087s ]
INFO: [ template_filter ] --END-- [ RunTime:0.000179s ]
NOTIC: [8] Undefined variable: stext E:\program files\xampp\htdocs\ThinkPHP\Application\Runtime\Cache\Home\220496c65c1076bdf06caa44fd3b913d.php 第 43 行.
NOTIC: [8] Undefined variable: select E:\program files\xampp\htdocs\ThinkPHP\Application\Runtime\Cache\Home\220496c65c1076bdf06caa44fd3b913d.php 第 45 行.
INFO: Run Behavior\ParseTemplateBehavior [ RunTime:0.012276s ]
INFO: [ view_parse ] --END-- [ RunTime:0.012341s ]
INFO: [ view_filter ] --START--
INFO: Run Behavior\WriteHtmlCacheBehavior [ RunTime:0.000791s ]
INFO: [ view_filter ] --END-- [ RunTime:0.000851s ]
INFO: [ app_end ] --START--
INFO: Run Behavior\ShowPageTraceBehavior [ RunTime:0.001010s ]
INFO: [ app_end ] --END-- [ RunTime:0.001069s ]

[ 2017-03-05T17:35:06+08:00 ] 127.0.0.1 /ThinkPHP/index.php/home/show/usershow/uid/3
INFO: [ app_init ] --START--
INFO: Run Behavior\BuildLiteBehavior [ RunTime:0.000012s ]
INFO: [ app_init ] --END-- [ RunTime:0.000324s ]
INFO: [ app_begin ] --START--
INFO: Run Behavior\ReadHtmlCacheBehavior [ RunTime:0.000554s ]
INFO: [ app_begin ] --END-- [ RunTime:0.000590s ]
SQL: SHOW COLUMNS FROM `user` [ RunTime:0.0091s ]
SQL: SHOW COLUMNS FROM `photos` [ RunTime:0.0051s ]
SQL: SELECT * FROM `user` WHERE ( uid="3" ) LIMIT 1   [ RunTime:0.0003s ]
NOTIC: [8] Undefined index: uintro E:\program files\xampp\htdocs\ThinkPHP\Application\Home\Controller\ShowController.class.php 第 66 行.
SQL: SELECT * FROM `photos` WHERE ( uid="3" )  [ RunTime:0.0003s ]
NOTIC: [8] Undefined index: picture E:\program files\xampp\htdocs\ThinkPHP\Application\Home\Controller\ShowController.class.php 第 70 行.
NOTIC: [8] Undefined index: pindecator E:\program files\xampp\htdocs\ThinkPHP\Application\Home\Controller\ShowController.class.php 第 74 行.
INFO: [ view_parse ] --START--
INFO: [ template_filter ] --START--
INFO: Run Behavior\ContentReplaceBehavior [ RunTime:0.000052s ]
INFO: [ template_filter ] --END-- [ RunTime:0.000101s ]
NOTIC: [8] Undefined variable: stext E:\program files\xampp\htdocs\ThinkPHP\Application\Runtime\Cache\Home\220496c65c1076bdf06caa44fd3b913d.php 第 43 行.
NOTIC: [8] Undefined variable: select E:\program files\xampp\htdocs\ThinkPHP\Application\Runtime\Cache\Home\220496c65c1076bdf06caa44fd3b913d.php 第 45 行.
INFO: Run Behavior\ParseTemplateBehavior [ RunTime:0.007939s ]
INFO: [ view_parse ] --END-- [ RunTime:0.007983s ]
INFO: [ view_filter ] --START--
INFO: Run Behavior\WriteHtmlCacheBehavior [ RunTime:0.000524s ]
INFO: [ view_filter ] --END-- [ RunTime:0.000558s ]
INFO: [ app_end ] --START--
INFO: Run Behavior\ShowPageTraceBehavior [ RunTime:0.000643s ]
INFO: [ app_end ] --END-- [ RunTime:0.000676s ]

[ 2017-03-05T17:35:06+08:00 ] 127.0.0.1 /ThinkPHP/index.php/home/show/usershow/uid/3
INFO: [ app_init ] --START--
INFO: Run Behavior\BuildLiteBehavior [ RunTime:0.000032s ]
INFO: [ app_init ] --END-- [ RunTime:0.000790s ]
INFO: [ app_begin ] --START--
INFO: Run Behavior\ReadHtmlCacheBehavior [ RunTime:0.000860s ]
INFO: [ app_begin ] --END-- [ RunTime:0.001089s ]
SQL: SHOW COLUMNS FROM `user` [ RunTime:0.0052s ]
SQL: SHOW COLUMNS FROM `photos` [ RunTime:0.0041s ]
SQL: SELECT * FROM `user` WHERE ( uid="3" ) LIMIT 1   [ RunTime:0.0003s ]
NOTIC: [8] Undefined index: uintro E:\program files\xampp\htdocs\ThinkPHP\Application\Home\Controller\ShowController.class.php 第 66 行.
SQL: SELECT * FROM `photos` WHERE ( uid="3" )  [ RunTime:0.0002s ]
NOTIC: [8] Undefined index: picture E:\program files\xampp\htdocs\ThinkPHP\Application\Home\Controller\ShowController.class.php 第 70 行.
NOTIC: [8] Undefined index: pindecator E:\program files\xampp\htdocs\ThinkPHP\Application\Home\Controller\ShowController.class.php 第 74 行.
INFO: [ view_parse ] --START--
INFO: [ template_filter ] --START--
INFO: Run Behavior\ContentReplaceBehavior [ RunTime:0.000074s ]
INFO: [ template_filter ] --END-- [ RunTime:0.000132s ]
NOTIC: [8] Undefined variable: stext E:\program files\xampp\htdocs\ThinkPHP\Application\Runtime\Cache\Home\220496c65c1076bdf06caa44fd3b913d.php 第 43 行.
NOTIC: [8] Undefined variable: select E:\program files\xampp\htdocs\ThinkPHP\Application\Runtime\Cache\Home\220496c65c1076bdf06caa44fd3b913d.php 第 45 行.
INFO: Run Behavior\ParseTemplateBehavior [ RunTime:0.030494s ]
INFO: [ view_parse ] --END-- [ RunTime:0.030549s ]
INFO: [ view_filter ] --START--
INFO: Run Behavior\WriteHtmlCacheBehavior [ RunTime:0.000713s ]
INFO: [ view_filter ] --END-- [ RunTime:0.000750s ]
INFO: [ app_end ] --START--
INFO: Run Behavior\ShowPageTraceBehavior [ RunTime:0.000603s ]
INFO: [ app_end ] --END-- [ RunTime:0.000635s ]

[ 2017-03-05T17:41:57+08:00 ] 127.0.0.1 /ThinkPHP/index.php/home/show/usershow/uid/3
INFO: [ app_init ] --START--
INFO: Run Behavior\BuildLiteBehavior [ RunTime:0.000010s ]
INFO: [ app_init ] --END-- [ RunTime:0.000289s ]
INFO: [ app_begin ] --START--
INFO: Run Behavior\ReadHtmlCacheBehavior [ RunTime:0.000599s ]
INFO: [ app_begin ] --END-- [ RunTime:0.000639s ]
SQL: SHOW COLUMNS FROM `user` [ RunTime:0.0099s ]
SQL: SHOW COLUMNS FROM `photos` [ RunTime:0.0067s ]
SQL: SELECT * FROM `user` WHERE ( uid="3" ) LIMIT 1   [ RunTime:0.0003s ]
NOTIC: [8] Undefined index: uintro E:\program files\xampp\htdocs\ThinkPHP\Application\Home\Controller\ShowController.class.php 第 66 行.
SQL: SELECT * FROM `photos` WHERE ( uid="3" )  [ RunTime:0.0002s ]
NOTIC: [8] Undefined index: picture E:\program files\xampp\htdocs\ThinkPHP\Application\Home\Controller\ShowController.class.php 第 71 行.
NOTIC: [8] Undefined index: pindecator E:\program files\xampp\htdocs\ThinkPHP\Application\Home\Controller\ShowController.class.php 第 79 行.
INFO: [ view_parse ] --START--
INFO: [ template_filter ] --START--
INFO: Run Behavior\ContentReplaceBehavior [ RunTime:0.000045s ]
INFO: [ template_filter ] --END-- [ RunTime:0.000081s ]
NOTIC: [8] Undefined variable: stext E:\program files\xampp\htdocs\ThinkPHP\Application\Runtime\Cache\Home\220496c65c1076bdf06caa44fd3b913d.php 第 43 行.
NOTIC: [8] Undefined variable: select E:\program files\xampp\htdocs\ThinkPHP\Application\Runtime\Cache\Home\220496c65c1076bdf06caa44fd3b913d.php 第 45 行.
INFO: Run Behavior\ParseTemplateBehavior [ RunTime:0.006713s ]
INFO: [ view_parse ] --END-- [ RunTime:0.006754s ]
INFO: [ view_filter ] --START--
INFO: Run Behavior\WriteHtmlCacheBehavior [ RunTime:0.000573s ]
INFO: [ view_filter ] --END-- [ RunTime:0.000608s ]
INFO: [ app_end ] --START--
INFO: Run Behavior\ShowPageTraceBehavior [ RunTime:0.000641s ]
INFO: [ app_end ] --END-- [ RunTime:0.000674s ]

[ 2017-03-05T17:41:57+08:00 ] 127.0.0.1 /ThinkPHP/index.php/home/show/usershow/uid/3
INFO: [ app_init ] --START--
INFO: Run Behavior\BuildLiteBehavior [ RunTime:0.000027s ]
INFO: [ app_init ] --END-- [ RunTime:0.000755s ]
INFO: [ app_begin ] --START--
INFO: Run Behavior\ReadHtmlCacheBehavior [ RunTime:0.001360s ]
INFO: [ app_begin ] --END-- [ RunTime:0.001442s ]
SQL: SHOW COLUMNS FROM `user` [ RunTime:0.0053s ]
SQL: SHOW COLUMNS FROM `photos` [ RunTime:0.0041s ]
SQL: SELECT * FROM `user` WHERE ( uid="3" ) LIMIT 1   [ RunTime:0.0003s ]
NOTIC: [8] Undefined index: uintro E:\program files\xampp\htdocs\ThinkPHP\Application\Home\Controller\ShowController.class.php 第 66 行.
SQL: SELECT * FROM `photos` WHERE ( uid="3" )  [ RunTime:0.0002s ]
NOTIC: [8] Undefined index: picture E:\program files\xampp\htdocs\ThinkPHP\Application\Home\Controller\ShowController.class.php 第 71 行.
NOTIC: [8] Undefined index: pindecator E:\program files\xampp\htdocs\ThinkPHP\Application\Home\Controller\ShowController.class.php 第 79 行.
INFO: [ view_parse ] --START--
INFO: [ template_filter ] --START--
INFO: Run Behavior\ContentReplaceBehavior [ RunTime:0.000047s ]
INFO: [ template_filter ] --END-- [ RunTime:0.000091s ]
NOTIC: [8] Undefined variable: stext E:\program files\xampp\htdocs\ThinkPHP\Application\Runtime\Cache\Home\220496c65c1076bdf06caa44fd3b913d.php 第 43 行.
NOTIC: [8] Undefined variable: select E:\program files\xampp\htdocs\ThinkPHP\Application\Runtime\Cache\Home\220496c65c1076bdf06caa44fd3b913d.php 第 45 行.
INFO: Run Behavior\ParseTemplateBehavior [ RunTime:0.007596s ]
INFO: [ view_parse ] --END-- [ RunTime:0.007646s ]
INFO: [ view_filter ] --START--
INFO: Run Behavior\WriteHtmlCacheBehavior [ RunTime:0.000832s ]
INFO: [ view_filter ] --END-- [ RunTime:0.000867s ]
INFO: [ app_end ] --START--
INFO: Run Behavior\ShowPageTraceBehavior [ RunTime:0.000544s ]
INFO: [ app_end ] --END-- [ RunTime:0.000575s ]

[ 2017-03-05T17:43:05+08:00 ] 127.0.0.1 /ThinkPHP/index.php/home/show/usershow/uid/3
INFO: [ app_init ] --START--
INFO: Run Behavior\BuildLiteBehavior [ RunTime:0.000011s ]
INFO: [ app_init ] --END-- [ RunTime:0.000289s ]
INFO: [ app_begin ] --START--
INFO: Run Behavior\ReadHtmlCacheBehavior [ RunTime:0.000554s ]
INFO: [ app_begin ] --END-- [ RunTime:0.000592s ]
SQL: SHOW COLUMNS FROM `user` [ RunTime:0.0102s ]
SQL: SHOW COLUMNS FROM `photos` [ RunTime:0.0059s ]
SQL: SELECT * FROM `user` WHERE ( uid="3" ) LIMIT 1   [ RunTime:0.0003s ]
NOTIC: [8] Undefined index: uintro E:\program files\xampp\htdocs\ThinkPHP\Application\Home\Controller\ShowController.class.php 第 66 行.
SQL: SELECT * FROM `photos` WHERE ( uid="3" )  [ RunTime:0.0002s ]
NOTIC: [8] Undefined index: picture E:\program files\xampp\htdocs\ThinkPHP\Application\Home\Controller\ShowController.class.php 第 71 行.
NOTIC: [8] Undefined index: pindecator E:\program files\xampp\htdocs\ThinkPHP\Application\Home\Controller\ShowController.class.php 第 79 行.
INFO: [ view_parse ] --START--
INFO: [ template_filter ] --START--
INFO: Run Behavior\ContentReplaceBehavior [ RunTime:0.000043s ]
INFO: [ template_filter ] --END-- [ RunTime:0.000079s ]
NOTIC: [8] Undefined variable: stext E:\program files\xampp\htdocs\ThinkPHP\Application\Runtime\Cache\Home\220496c65c1076bdf06caa44fd3b913d.php 第 43 行.
NOTIC: [8] Undefined variable: select E:\program files\xampp\htdocs\ThinkPHP\Application\Runtime\Cache\Home\220496c65c1076bdf06caa44fd3b913d.php 第 45 行.
INFO: Run Behavior\ParseTemplateBehavior [ RunTime:0.019645s ]
INFO: [ view_parse ] --END-- [ RunTime:0.019687s ]
INFO: [ view_filter ] --START--
INFO: Run Behavior\WriteHtmlCacheBehavior [ RunTime:0.000403s ]
INFO: [ view_filter ] --END-- [ RunTime:0.000431s ]
INFO: [ app_end ] --START--
INFO: Run Behavior\ShowPageTraceBehavior [ RunTime:0.000570s ]
INFO: [ app_end ] --END-- [ RunTime:0.000599s ]

[ 2017-03-05T17:43:05+08:00 ] 127.0.0.1 /ThinkPHP/index.php/home/show/usershow/uid/3
INFO: [ app_init ] --START--
INFO: Run Behavior\BuildLiteBehavior [ RunTime:0.000018s ]
INFO: [ app_init ] --END-- [ RunTime:0.000755s ]
INFO: [ app_begin ] --START--
INFO: Run Behavior\ReadHtmlCacheBehavior [ RunTime:0.001190s ]
INFO: [ app_begin ] --END-- [ RunTime:0.001299s ]
SQL: SHOW COLUMNS FROM `user` [ RunTime:0.0065s ]
SQL: SHOW COLUMNS FROM `photos` [ RunTime:0.0036s ]
SQL: SELECT * FROM `user` WHERE ( uid="3" ) LIMIT 1   [ RunTime:0.0003s ]
NOTIC: [8] Undefined index: uintro E:\program files\xampp\htdocs\ThinkPHP\Application\Home\Controller\ShowController.class.php 第 66 行.
SQL: SELECT * FROM `photos` WHERE ( uid="3" )  [ RunTime:0.0003s ]
NOTIC: [8] Undefined index: picture E:\program files\xampp\htdocs\ThinkPHP\Application\Home\Controller\ShowController.class.php 第 71 行.
NOTIC: [8] Undefined index: pindecator E:\program files\xampp\htdocs\ThinkPHP\Application\Home\Controller\ShowController.class.php 第 79 行.
INFO: [ view_parse ] --START--
INFO: [ template_filter ] --START--
INFO: Run Behavior\ContentReplaceBehavior [ RunTime:0.000046s ]
INFO: [ template_filter ] --END-- [ RunTime:0.000092s ]
NOTIC: [8] Undefined variable: stext E:\program files\xampp\htdocs\ThinkPHP\Application\Runtime\Cache\Home\220496c65c1076bdf06caa44fd3b913d.php 第 43 行.
NOTIC: [8] Undefined variable: select E:\program files\xampp\htdocs\ThinkPHP\Application\Runtime\Cache\Home\220496c65c1076bdf06caa44fd3b913d.php 第 45 行.
INFO: Run Behavior\ParseTemplateBehavior [ RunTime:0.008323s ]
INFO: [ view_parse ] --END-- [ RunTime:0.008368s ]
INFO: [ view_filter ] --START--
INFO: Run Behavior\WriteHtmlCacheBehavior [ RunTime:0.000481s ]
INFO: [ view_filter ] --END-- [ RunTime:0.000516s ]
INFO: [ app_end ] --START--
INFO: Run Behavior\ShowPageTraceBehavior [ RunTime:0.000643s ]
INFO: [ app_end ] --END-- [ RunTime:0.000684s ]

[ 2017-03-05T17:44:46+08:00 ] 127.0.0.1 /ThinkPHP/index.php/home/show/usershow/uid/3
INFO: [ app_init ] --START--
INFO: Run Behavior\BuildLiteBehavior [ RunTime:0.000017s ]
INFO: [ app_init ] --END-- [ RunTime:0.000517s ]
INFO: [ app_begin ] --START--
INFO: Run Behavior\ReadHtmlCacheBehavior [ RunTime:0.000986s ]
INFO: [ app_begin ] --END-- [ RunTime:0.001052s ]
SQL: SHOW COLUMNS FROM `user` [ RunTime:0.0112s ]
SQL: SHOW COLUMNS FROM `photos` [ RunTime:0.0062s ]
SQL: SELECT * FROM `user` WHERE ( uid="3" ) LIMIT 1   [ RunTime:0.0003s ]
NOTIC: [8] Undefined index: uintro E:\program files\xampp\htdocs\ThinkPHP\Application\Home\Controller\ShowController.class.php 第 66 行.
SQL: SELECT * FROM `photos` WHERE ( uid="3" )  [ RunTime:0.0002s ]
NOTIC: [8] Undefined index: picture E:\program files\xampp\htdocs\ThinkPHP\Application\Home\Controller\ShowController.class.php 第 71 行.
NOTIC: [8] Undefined index: pindecator E:\program files\xampp\htdocs\ThinkPHP\Application\Home\Controller\ShowController.class.php 第 79 行.
INFO: [ view_parse ] --START--
INFO: [ template_filter ] --START--
INFO: Run Behavior\ContentReplaceBehavior [ RunTime:0.000122s ]
INFO: [ template_filter ] --END-- [ RunTime:0.000218s ]
NOTIC: [8] Undefined variable: stext E:\program files\xampp\htdocs\ThinkPHP\Application\Runtime\Cache\Home\220496c65c1076bdf06caa44fd3b913d.php 第 43 行.
NOTIC: [8] Undefined variable: select E:\program files\xampp\htdocs\ThinkPHP\Application\Runtime\Cache\Home\220496c65c1076bdf06caa44fd3b913d.php 第 45 行.
INFO: Run Behavior\ParseTemplateBehavior [ RunTime:0.020644s ]
INFO: [ view_parse ] --END-- [ RunTime:0.020685s ]
INFO: [ view_filter ] --START--
INFO: Run Behavior\WriteHtmlCacheBehavior [ RunTime:0.000540s ]
INFO: [ view_filter ] --END-- [ RunTime:0.000577s ]
INFO: [ app_end ] --START--
INFO: Run Behavior\ShowPageTraceBehavior [ RunTime:0.000803s ]
INFO: [ app_end ] --END-- [ RunTime:0.000839s ]

[ 2017-03-05T17:44:47+08:00 ] 127.0.0.1 /ThinkPHP/index.php/home/show/usershow/uid/3
INFO: [ app_init ] --START--
INFO: Run Behavior\BuildLiteBehavior [ RunTime:0.000033s ]
INFO: [ app_init ] --END-- [ RunTime:0.000634s ]
INFO: [ app_begin ] --START--
INFO: Run Behavior\ReadHtmlCacheBehavior [ RunTime:0.001134s ]
INFO: [ app_begin ] --END-- [ RunTime:0.001220s ]
SQL: SHOW COLUMNS FROM `user` [ RunTime:0.0150s ]
SQL: SHOW COLUMNS FROM `photos` [ RunTime:0.0083s ]
SQL: SELECT * FROM `user` WHERE ( uid="3" ) LIMIT 1   [ RunTime:0.0003s ]
NOTIC: [8] Undefined index: uintro E:\program files\xampp\htdocs\ThinkPHP\Application\Home\Controller\ShowController.class.php 第 66 行.
SQL: SELECT * FROM `photos` WHERE ( uid="3" )  [ RunTime:0.0002s ]
NOTIC: [8] Undefined index: picture E:\program files\xampp\htdocs\ThinkPHP\Application\Home\Controller\ShowController.class.php 第 71 行.
NOTIC: [8] Undefined index: pindecator E:\program files\xampp\htdocs\ThinkPHP\Application\Home\Controller\ShowController.class.php 第 79 行.
INFO: [ view_parse ] --START--
INFO: [ template_filter ] --START--
INFO: Run Behavior\ContentReplaceBehavior [ RunTime:0.000095s ]
INFO: [ template_filter ] --END-- [ RunTime:0.000219s ]
NOTIC: [8] Undefined variable: stext E:\program files\xampp\htdocs\ThinkPHP\Application\Runtime\Cache\Home\220496c65c1076bdf06caa44fd3b913d.php 第 43 行.
NOTIC: [8] Undefined variable: select E:\program files\xampp\htdocs\ThinkPHP\Application\Runtime\Cache\Home\220496c65c1076bdf06caa44fd3b913d.php 第 45 行.
INFO: Run Behavior\ParseTemplateBehavior [ RunTime:0.010171s ]
INFO: [ view_parse ] --END-- [ RunTime:0.010213s ]
INFO: [ view_filter ] --START--
INFO: Run Behavior\WriteHtmlCacheBehavior [ RunTime:0.000534s ]
INFO: [ view_filter ] --END-- [ RunTime:0.000571s ]
INFO: [ app_end ] --START--
INFO: Run Behavior\ShowPageTraceBehavior [ RunTime:0.000582s ]
INFO: [ app_end ] --END-- [ RunTime:0.000614s ]

[ 2017-03-05T17:46:14+08:00 ] 127.0.0.1 /ThinkPHP/index.php/home/show/usershow/uid/3
INFO: [ app_init ] --START--
INFO: Run Behavior\BuildLiteBehavior [ RunTime:0.000012s ]
INFO: [ app_init ] --END-- [ RunTime:0.000318s ]
INFO: [ app_begin ] --START--
INFO: Run Behavior\ReadHtmlCacheBehavior [ RunTime:0.000590s ]
INFO: [ app_begin ] --END-- [ RunTime:0.000631s ]
SQL: SHOW COLUMNS FROM `user` [ RunTime:0.0092s ]
SQL: SHOW COLUMNS FROM `photos` [ RunTime:0.0063s ]
SQL: SELECT * FROM `user` WHERE ( uid="3" ) LIMIT 1   [ RunTime:0.0003s ]
NOTIC: [8] Undefined index: uintro E:\program files\xampp\htdocs\ThinkPHP\Application\Home\Controller\ShowController.class.php 第 66 行.
SQL: SELECT * FROM `photos` WHERE ( uid="3" )  [ RunTime:0.0003s ]
NOTIC: [8] Undefined index: picture E:\program files\xampp\htdocs\ThinkPHP\Application\Home\Controller\ShowController.class.php 第 71 行.
NOTIC: [8] Undefined index: pindecator E:\program files\xampp\htdocs\ThinkPHP\Application\Home\Controller\ShowController.class.php 第 79 行.
INFO: [ view_parse ] --START--
INFO: [ template_filter ] --START--
INFO: Run Behavior\ContentReplaceBehavior [ RunTime:0.000047s ]
INFO: [ template_filter ] --END-- [ RunTime:0.000105s ]
NOTIC: [8] Undefined variable: stext E:\program files\xampp\htdocs\ThinkPHP\Application\Runtime\Cache\Home\220496c65c1076bdf06caa44fd3b913d.php 第 43 行.
NOTIC: [8] Undefined variable: select E:\program files\xampp\htdocs\ThinkPHP\Application\Runtime\Cache\Home\220496c65c1076bdf06caa44fd3b913d.php 第 45 行.
INFO: Run Behavior\ParseTemplateBehavior [ RunTime:0.022369s ]
INFO: [ view_parse ] --END-- [ RunTime:0.022418s ]
INFO: [ view_filter ] --START--
INFO: Run Behavior\WriteHtmlCacheBehavior [ RunTime:0.000531s ]
INFO: [ view_filter ] --END-- [ RunTime:0.000574s ]
INFO: [ app_end ] --START--
INFO: Run Behavior\ShowPageTraceBehavior [ RunTime:0.000580s ]
INFO: [ app_end ] --END-- [ RunTime:0.000612s ]

[ 2017-03-05T17:46:14+08:00 ] 127.0.0.1 /ThinkPHP/index.php/home/show/usershow/uid/3
INFO: [ app_init ] --START--
INFO: Run Behavior\BuildLiteBehavior [ RunTime:0.000022s ]
INFO: [ app_init ] --END-- [ RunTime:0.000646s ]
INFO: [ app_begin ] --START--
INFO: Run Behavior\ReadHtmlCacheBehavior [ RunTime:0.001187s ]
INFO: [ app_begin ] --END-- [ RunTime:0.001304s ]
SQL: SHOW COLUMNS FROM `user` [ RunTime:0.0074s ]
SQL: SHOW COLUMNS FROM `photos` [ RunTime:0.0066s ]
SQL: SELECT * FROM `user` WHERE ( uid="3" ) LIMIT 1   [ RunTime:0.0004s ]
NOTIC: [8] Undefined index: uintro E:\program files\xampp\htdocs\ThinkPHP\Application\Home\Controller\ShowController.class.php 第 66 行.
SQL: SELECT * FROM `photos` WHERE ( uid="3" )  [ RunTime:0.0004s ]
NOTIC: [8] Undefined index: picture E:\program files\xampp\htdocs\ThinkPHP\Application\Home\Controller\ShowController.class.php 第 71 行.
NOTIC: [8] Undefined index: pindecator E:\program files\xampp\htdocs\ThinkPHP\Application\Home\Controller\ShowController.class.php 第 79 行.
INFO: [ view_parse ] --START--
INFO: [ template_filter ] --START--
INFO: Run Behavior\ContentReplaceBehavior [ RunTime:0.000043s ]
INFO: [ template_filter ] --END-- [ RunTime:0.000085s ]
NOTIC: [8] Undefined variable: stext E:\program files\xampp\htdocs\ThinkPHP\Application\Runtime\Cache\Home\220496c65c1076bdf06caa44fd3b913d.php 第 43 行.
NOTIC: [8] Undefined variable: select E:\program files\xampp\htdocs\ThinkPHP\Application\Runtime\Cache\Home\220496c65c1076bdf06caa44fd3b913d.php 第 45 行.
INFO: Run Behavior\ParseTemplateBehavior [ RunTime:0.007261s ]
INFO: [ view_parse ] --END-- [ RunTime:0.007313s ]
INFO: [ view_filter ] --START--
INFO: Run Behavior\WriteHtmlCacheBehavior [ RunTime:0.000833s ]
INFO: [ view_filter ] --END-- [ RunTime:0.000899s ]
INFO: [ app_end ] --START--
INFO: Run Behavior\ShowPageTraceBehavior [ RunTime:0.000925s ]
INFO: [ app_end ] --END-- [ RunTime:0.000963s ]

[ 2017-03-05T20:03:19+08:00 ] 127.0.0.1 /ThinkPHP/index.php/home/user/zone/uid/2
INFO: [ app_init ] --START--
INFO: Run Behavior\BuildLiteBehavior [ RunTime:0.000012s ]
INFO: [ app_init ] --END-- [ RunTime:0.000334s ]
INFO: [ app_begin ] --START--
INFO: Run Behavior\ReadHtmlCacheBehavior [ RunTime:0.001532s ]
INFO: [ app_begin ] --END-- [ RunTime:0.001624s ]
SQL: SHOW COLUMNS FROM `user` [ RunTime:0.0088s ]
SQL: SELECT * FROM `user` WHERE `uid` = 2 LIMIT 1   [ RunTime:0.0003s ]
SQL: SHOW COLUMNS FROM `utags` [ RunTime:0.0096s ]
SQL: SELECT * FROM `utags` WHERE `uid` = 2  [ RunTime:0.0370s ]
INFO: [ view_parse ] --START--
INFO: [ template_filter ] --START--
INFO: Run Behavior\ContentReplaceBehavior [ RunTime:0.000047s ]
INFO: [ template_filter ] --END-- [ RunTime:0.000084s ]
NOTIC: [8] Undefined variable: tags E:\program files\xampp\htdocs\ThinkPHP\Application\Runtime\Cache\Home\63b6d4100422b2238088400d31191563.php 第 124 行.
INFO: Run Behavior\ParseTemplateBehavior [ RunTime:0.092972s ]
INFO: [ view_parse ] --END-- [ RunTime:0.093062s ]
INFO: [ view_filter ] --START--
INFO: Run Behavior\WriteHtmlCacheBehavior [ RunTime:0.001005s ]
INFO: [ view_filter ] --END-- [ RunTime:0.001067s ]
INFO: [ app_end ] --START--
INFO: Run Behavior\ShowPageTraceBehavior [ RunTime:0.001722s ]
INFO: [ app_end ] --END-- [ RunTime:0.001803s ]

[ 2017-03-05T20:08:53+08:00 ] 127.0.0.1 /ThinkPHP/index.php/home/user/zone/uid/2
INFO: [ app_init ] --START--
INFO: Run Behavior\BuildLiteBehavior [ RunTime:0.000010s ]
INFO: [ app_init ] --END-- [ RunTime:0.000316s ]
INFO: [ app_begin ] --START--
INFO: Run Behavior\ReadHtmlCacheBehavior [ RunTime:0.000544s ]
INFO: [ app_begin ] --END-- [ RunTime:0.000595s ]
SQL: SHOW COLUMNS FROM `user` [ RunTime:0.0102s ]
SQL: SELECT * FROM `user` WHERE `uid` = 2 LIMIT 1   [ RunTime:0.0006s ]
SQL: SHOW COLUMNS FROM `utags` [ RunTime:0.0059s ]
SQL: SELECT * FROM `utags` WHERE `uid` = 2  [ RunTime:0.0003s ]
INFO: [ view_parse ] --START--
INFO: [ template_filter ] --START--
INFO: Run Behavior\ContentReplaceBehavior [ RunTime:0.000046s ]
INFO: [ template_filter ] --END-- [ RunTime:0.000080s ]
NOTIC: [8] Undefined variable: tags E:\program files\xampp\htdocs\ThinkPHP\Application\Runtime\Cache\Home\63b6d4100422b2238088400d31191563.php 第 126 行.
INFO: Run Behavior\ParseTemplateBehavior [ RunTime:0.020150s ]
INFO: [ view_parse ] --END-- [ RunTime:0.020218s ]
INFO: [ view_filter ] --START--
INFO: Run Behavior\WriteHtmlCacheBehavior [ RunTime:0.000649s ]
INFO: [ view_filter ] --END-- [ RunTime:0.000692s ]
INFO: [ app_end ] --START--
INFO: Run Behavior\ShowPageTraceBehavior [ RunTime:0.000609s ]
INFO: [ app_end ] --END-- [ RunTime:0.000656s ]

[ 2017-03-05T20:21:53+08:00 ] 127.0.0.1 /ThinkPHP/index.php/home/user/zone/uid/2
INFO: [ app_init ] --START--
INFO: Run Behavior\BuildLiteBehavior [ RunTime:0.000018s ]
INFO: [ app_init ] --END-- [ RunTime:0.000510s ]
INFO: [ app_begin ] --START--
INFO: Run Behavior\ReadHtmlCacheBehavior [ RunTime:0.000661s ]
INFO: [ app_begin ] --END-- [ RunTime:0.000712s ]
SQL: SHOW COLUMNS FROM `user` [ RunTime:0.0107s ]
SQL: SELECT * FROM `user` WHERE `uid` = 2 LIMIT 1   [ RunTime:0.0004s ]
SQL: SHOW COLUMNS FROM `utags` [ RunTime:0.0068s ]
SQL: SELECT * FROM `utags` WHERE `uid` = 2  [ RunTime:0.0003s ]
INFO: [ view_parse ] --START--
INFO: [ template_filter ] --START--
INFO: Run Behavior\ContentReplaceBehavior [ RunTime:0.000052s ]
INFO: [ template_filter ] --END-- [ RunTime:0.000085s ]
NOTIC: [8] Undefined variable: tags E:\program files\xampp\htdocs\ThinkPHP\Application\Runtime\Cache\Home\63b6d4100422b2238088400d31191563.php 第 126 行.
INFO: Run Behavior\ParseTemplateBehavior [ RunTime:0.020742s ]
INFO: [ view_parse ] --END-- [ RunTime:0.020805s ]
INFO: [ view_filter ] --START--
INFO: Run Behavior\WriteHtmlCacheBehavior [ RunTime:0.000555s ]
INFO: [ view_filter ] --END-- [ RunTime:0.000604s ]
INFO: [ app_end ] --START--
INFO: Run Behavior\ShowPageTraceBehavior [ RunTime:0.001092s ]
INFO: [ app_end ] --END-- [ RunTime:0.001167s ]

[ 2017-03-05T20:26:37+08:00 ] 127.0.0.1 /ThinkPHP/index.php/home/user/zone/uid/2
INFO: [ app_init ] --START--
INFO: Run Behavior\BuildLiteBehavior [ RunTime:0.000010s ]
INFO: [ app_init ] --END-- [ RunTime:0.000293s ]
INFO: [ app_begin ] --START--
INFO: Run Behavior\ReadHtmlCacheBehavior [ RunTime:0.000585s ]
INFO: [ app_begin ] --END-- [ RunTime:0.000623s ]
SQL: SHOW COLUMNS FROM `user` [ RunTime:0.0110s ]
SQL: SELECT * FROM `user` WHERE `uid` = 2 LIMIT 1   [ RunTime:0.0003s ]
SQL: SHOW COLUMNS FROM `utags` [ RunTime:0.0067s ]
SQL: SELECT * FROM `utags` WHERE `uid` = 2  [ RunTime:0.0003s ]
INFO: [ view_parse ] --START--
INFO: [ template_filter ] --START--
INFO: Run Behavior\ContentReplaceBehavior [ RunTime:0.000054s ]
INFO: [ template_filter ] --END-- [ RunTime:0.000091s ]
NOTIC: [8] Undefined variable: tags E:\program files\xampp\htdocs\ThinkPHP\Application\Runtime\Cache\Home\63b6d4100422b2238088400d31191563.php 第 126 行.
INFO: Run Behavior\ParseTemplateBehavior [ RunTime:0.021609s ]
INFO: [ view_parse ] --END-- [ RunTime:0.021672s ]
INFO: [ view_filter ] --START--
INFO: Run Behavior\WriteHtmlCacheBehavior [ RunTime:0.000632s ]
INFO: [ view_filter ] --END-- [ RunTime:0.000683s ]
INFO: [ app_end ] --START--
INFO: Run Behavior\ShowPageTraceBehavior [ RunTime:0.000936s ]
INFO: [ app_end ] --END-- [ RunTime:0.001000s ]

[ 2017-03-05T20:27:39+08:00 ] 127.0.0.1 /ThinkPHP/index.php/home/user/zone/uid/2
INFO: [ app_init ] --START--
INFO: Run Behavior\BuildLiteBehavior [ RunTime:0.000018s ]
INFO: [ app_init ] --END-- [ RunTime:0.000517s ]
INFO: [ app_begin ] --START--
INFO: Run Behavior\ReadHtmlCacheBehavior [ RunTime:0.000677s ]
INFO: [ app_begin ] --END-- [ RunTime:0.000749s ]
SQL: SHOW COLUMNS FROM `user` [ RunTime:0.0201s ]
SQL: SELECT * FROM `user` WHERE `uid` = 2 LIMIT 1   [ RunTime:0.0003s ]
SQL: SHOW COLUMNS FROM `utags` [ RunTime:0.0086s ]
SQL: SELECT * FROM `utags` WHERE `uid` = 2  [ RunTime:0.0003s ]
INFO: [ view_parse ] --START--
INFO: [ template_filter ] --START--
INFO: Run Behavior\ContentReplaceBehavior [ RunTime:0.000058s ]
INFO: [ template_filter ] --END-- [ RunTime:0.000098s ]
NOTIC: [8] Undefined variable: tags E:\program files\xampp\htdocs\ThinkPHP\Application\Runtime\Cache\Home\63b6d4100422b2238088400d31191563.php 第 126 行.
INFO: Run Behavior\ParseTemplateBehavior [ RunTime:0.126559s ]
INFO: [ view_parse ] --END-- [ RunTime:0.126700s ]
INFO: [ view_filter ] --START--
INFO: Run Behavior\WriteHtmlCacheBehavior [ RunTime:0.002249s ]
INFO: [ view_filter ] --END-- [ RunTime:0.002419s ]
INFO: [ app_end ] --START--
INFO: Run Behavior\ShowPageTraceBehavior [ RunTime:0.004105s ]
INFO: [ app_end ] --END-- [ RunTime:0.004326s ]

[ 2017-03-05T21:30:47+08:00 ] 127.0.0.1 /ThinkPHP/index.php/home/user/updatepic
INFO: [ app_init ] --START--
INFO: Run Behavior\BuildLiteBehavior [ RunTime:0.000009s ]
INFO: [ app_init ] --END-- [ RunTime:0.000339s ]
INFO: [ app_begin ] --START--
INFO: Run Behavior\ReadHtmlCacheBehavior [ RunTime:0.000632s ]
INFO: [ app_begin ] --END-- [ RunTime:0.000677s ]
ERR: 参数错误或者未定义:uid

[ 2017-03-05T21:31:32+08:00 ] 127.0.0.1 /ThinkPHP/index.php/home/user/updatepic
INFO: [ app_init ] --START--
INFO: Run Behavior\BuildLiteBehavior [ RunTime:0.000009s ]
INFO: [ app_init ] --END-- [ RunTime:0.000309s ]
INFO: [ app_begin ] --START--
INFO: Run Behavior\ReadHtmlCacheBehavior [ RunTime:0.000589s ]
INFO: [ app_begin ] --END-- [ RunTime:0.000626s ]
ERR: 参数错误或者未定义:uid

[ 2017-03-05T21:31:48+08:00 ] 127.0.0.1 /ThinkPHP/index.php/home/user/updatepic
INFO: [ app_init ] --START--
INFO: Run Behavior\BuildLiteBehavior [ RunTime:0.000016s ]
INFO: [ app_init ] --END-- [ RunTime:0.000536s ]
INFO: [ app_begin ] --START--
INFO: Run Behavior\ReadHtmlCacheBehavior [ RunTime:0.000925s ]
INFO: [ app_begin ] --END-- [ RunTime:0.000989s ]
ERR: 参数错误或者未定义:uid

[ 2017-03-05T21:33:20+08:00 ] 127.0.0.1 /ThinkPHP/index.php/home/user/zone/uid/2
INFO: [ app_init ] --START--
INFO: Run Behavior\BuildLiteBehavior [ RunTime:0.000025s ]
INFO: [ app_init ] --END-- [ RunTime:0.000594s ]
INFO: [ app_begin ] --START--
INFO: Run Behavior\ReadHtmlCacheBehavior [ RunTime:0.001447s ]
INFO: [ app_begin ] --END-- [ RunTime:0.001569s ]
SQL: SHOW COLUMNS FROM `user` [ RunTime:0.0110s ]
SQL: SELECT * FROM `user` WHERE `uid` = 2 LIMIT 1   [ RunTime:0.0005s ]
SQL: SHOW COLUMNS FROM `utags` [ RunTime:0.0067s ]
SQL: SELECT * FROM `utags` WHERE `uid` = 2  [ RunTime:0.0004s ]
INFO: [ view_parse ] --START--
INFO: [ template_filter ] --START--
INFO: Run Behavior\ContentReplaceBehavior [ RunTime:0.000050s ]
INFO: [ template_filter ] --END-- [ RunTime:0.000085s ]
NOTIC: [8] Undefined variable: tags E:\program files\xampp\htdocs\ThinkPHP\Application\Runtime\Cache\Home\63b6d4100422b2238088400d31191563.php 第 126 行.
INFO: Run Behavior\ParseTemplateBehavior [ RunTime:0.021755s ]
INFO: [ view_parse ] --END-- [ RunTime:0.021814s ]
INFO: [ view_filter ] --START--
INFO: Run Behavior\WriteHtmlCacheBehavior [ RunTime:0.000418s ]
INFO: [ view_filter ] --END-- [ RunTime:0.000453s ]
INFO: [ app_end ] --START--
INFO: Run Behavior\ShowPageTraceBehavior [ RunTime:0.001081s ]
INFO: [ app_end ] --END-- [ RunTime:0.001156s ]

[ 2017-03-05T21:33:26+08:00 ] 127.0.0.1 /ThinkPHP/index.php/home/user/updatepic/uid/2
INFO: [ app_init ] --START--
INFO: Run Behavior\BuildLiteBehavior [ RunTime:0.000013s ]
INFO: [ app_init ] --END-- [ RunTime:0.000350s ]
INFO: [ app_begin ] --START--
INFO: Run Behavior\ReadHtmlCacheBehavior [ RunTime:0.000511s ]
INFO: [ app_begin ] --END-- [ RunTime:0.000549s ]
NOTIC: [8] Use of undefined constant uid - assumed 'uid' E:\program files\xampp\htdocs\ThinkPHP\Application\Home\Controller\UserController.class.php 第 154 行.
INFO: [ view_parse ] --START--
INFO: [ template_filter ] --START--
INFO: Run Behavior\ContentReplaceBehavior [ RunTime:0.000030s ]
INFO: [ template_filter ] --END-- [ RunTime:0.000081s ]
INFO: Run Behavior\ParseTemplateBehavior [ RunTime:0.032952s ]
INFO: [ view_parse ] --END-- [ RunTime:0.033028s ]
INFO: [ view_filter ] --START--
INFO: Run Behavior\WriteHtmlCacheBehavior [ RunTime:0.000573s ]
INFO: [ view_filter ] --END-- [ RunTime:0.000607s ]

[ 2017-03-05T21:33:59+08:00 ] 127.0.0.1 /ThinkPHP/index.php/home/user/zone/uid/2
INFO: [ app_init ] --START--
INFO: Run Behavior\BuildLiteBehavior [ RunTime:0.000017s ]
INFO: [ app_init ] --END-- [ RunTime:0.000511s ]
INFO: [ app_begin ] --START--
INFO: Run Behavior\ReadHtmlCacheBehavior [ RunTime:0.002093s ]
INFO: [ app_begin ] --END-- [ RunTime:0.002253s ]
SQL: SHOW COLUMNS FROM `user` [ RunTime:0.0169s ]
SQL: SELECT * FROM `user` WHERE `uid` = 2 LIMIT 1   [ RunTime:0.0003s ]
SQL: SHOW COLUMNS FROM `utags` [ RunTime:0.0056s ]
SQL: SELECT * FROM `utags` WHERE `uid` = 2  [ RunTime:0.0003s ]
INFO: [ view_parse ] --START--
INFO: [ template_filter ] --START--
INFO: Run Behavior\ContentReplaceBehavior [ RunTime:0.000068s ]
INFO: [ template_filter ] --END-- [ RunTime:0.000111s ]
NOTIC: [8] Undefined variable: tags E:\program files\xampp\htdocs\ThinkPHP\Application\Runtime\Cache\Home\63b6d4100422b2238088400d31191563.php 第 126 行.
INFO: Run Behavior\ParseTemplateBehavior [ RunTime:0.018818s ]
INFO: [ view_parse ] --END-- [ RunTime:0.018875s ]
INFO: [ view_filter ] --START--
INFO: Run Behavior\WriteHtmlCacheBehavior [ RunTime:0.000527s ]
INFO: [ view_filter ] --END-- [ RunTime:0.000566s ]
INFO: [ app_end ] --START--
INFO: Run Behavior\ShowPageTraceBehavior [ RunTime:0.001068s ]
INFO: [ app_end ] --END-- [ RunTime:0.001143s ]

[ 2017-03-05T21:34:13+08:00 ] 127.0.0.1 /ThinkPHP/index.php/home/user/updatepic/uid/2
INFO: [ app_init ] --START--
INFO: Run Behavior\BuildLiteBehavior [ RunTime:0.000026s ]
INFO: [ app_init ] --END-- [ RunTime:0.000781s ]
INFO: [ app_begin ] --START--
INFO: Run Behavior\ReadHtmlCacheBehavior [ RunTime:0.000601s ]
INFO: [ app_begin ] --END-- [ RunTime:0.000649s ]
NOTIC: [8] Use of undefined constant uid - assumed 'uid' E:\program files\xampp\htdocs\ThinkPHP\Application\Home\Controller\UserController.class.php 第 154 行.
INFO: [ view_parse ] --START--
INFO: [ template_filter ] --START--
INFO: Run Behavior\ContentReplaceBehavior [ RunTime:0.000037s ]
INFO: [ template_filter ] --END-- [ RunTime:0.000090s ]
INFO: Run Behavior\ParseTemplateBehavior [ RunTime:0.006221s ]
INFO: [ view_parse ] --END-- [ RunTime:0.006283s ]
INFO: [ view_filter ] --START--
INFO: Run Behavior\WriteHtmlCacheBehavior [ RunTime:0.000486s ]
INFO: [ view_filter ] --END-- [ RunTime:0.000520s ]

[ 2017-03-05T21:45:19+08:00 ] 127.0.0.1 /ThinkPHP/index.php/home/user/zone/uid/2
INFO: [ app_init ] --START--
INFO: Run Behavior\BuildLiteBehavior [ RunTime:0.000027s ]
INFO: [ app_init ] --END-- [ RunTime:0.009939s ]
INFO: [ app_begin ] --START--
INFO: Run Behavior\ReadHtmlCacheBehavior [ RunTime:0.000699s ]
INFO: [ app_begin ] --END-- [ RunTime:0.000747s ]
SQL: SHOW COLUMNS FROM `user` [ RunTime:0.0111s ]
SQL: SELECT * FROM `user` WHERE `uid` = 2 LIMIT 1   [ RunTime:0.0004s ]
SQL: SHOW COLUMNS FROM `utags` [ RunTime:0.0065s ]
SQL: SELECT * FROM `utags` WHERE `uid` = 2  [ RunTime:0.0003s ]
INFO: [ view_parse ] --START--
INFO: [ template_filter ] --START--
INFO: Run Behavior\ContentReplaceBehavior [ RunTime:0.000063s ]
INFO: [ template_filter ] --END-- [ RunTime:0.000110s ]
NOTIC: [8] Undefined variable: tags E:\program files\xampp\htdocs\ThinkPHP\Application\Runtime\Cache\Home\63b6d4100422b2238088400d31191563.php 第 126 行.
INFO: Run Behavior\ParseTemplateBehavior [ RunTime:0.020441s ]
INFO: [ view_parse ] --END-- [ RunTime:0.020500s ]
INFO: [ view_filter ] --START--
INFO: Run Behavior\WriteHtmlCacheBehavior [ RunTime:0.000496s ]
INFO: [ view_filter ] --END-- [ RunTime:0.000534s ]
INFO: [ app_end ] --START--
INFO: Run Behavior\ShowPageTraceBehavior [ RunTime:0.000977s ]
INFO: [ app_end ] --END-- [ RunTime:0.001049s ]

[ 2017-03-05T21:45:33+08:00 ] 127.0.0.1 /ThinkPHP/index.php/home/user/updatepic/uid/2
INFO: [ app_init ] --START--
INFO: Run Behavior\BuildLiteBehavior [ RunTime:0.000012s ]
INFO: [ app_init ] --END-- [ RunTime:0.000336s ]
INFO: [ app_begin ] --START--
INFO: Run Behavior\ReadHtmlCacheBehavior [ RunTime:0.000504s ]
INFO: [ app_begin ] --END-- [ RunTime:0.000541s ]
NOTIC: [8] Use of undefined constant uid - assumed 'uid' E:\program files\xampp\htdocs\ThinkPHP\Application\Home\Controller\UserController.class.php 第 154 行.
INFO: [ view_parse ] --START--
INFO: [ template_filter ] --START--
INFO: Run Behavior\ContentReplaceBehavior [ RunTime:0.000034s ]
INFO: [ template_filter ] --END-- [ RunTime:0.000099s ]
INFO: Run Behavior\ParseTemplateBehavior [ RunTime:0.006222s ]
INFO: [ view_parse ] --END-- [ RunTime:0.006291s ]
INFO: [ view_filter ] --START--
INFO: Run Behavior\WriteHtmlCacheBehavior [ RunTime:0.000415s ]
INFO: [ view_filter ] --END-- [ RunTime:0.000443s ]

[ 2017-03-05T21:46:43+08:00 ] 127.0.0.1 /ThinkPHP/index.php/home/user/updatepic/uid/2
INFO: [ app_init ] --START--
INFO: Run Behavior\BuildLiteBehavior [ RunTime:0.000021s ]
INFO: [ app_init ] --END-- [ RunTime:0.000323s ]
INFO: [ app_begin ] --START--
INFO: Run Behavior\ReadHtmlCacheBehavior [ RunTime:0.000528s ]
INFO: [ app_begin ] --END-- [ RunTime:0.000564s ]
NOTIC: [8] Use of undefined constant uid - assumed 'uid' E:\program files\xampp\htdocs\ThinkPHP\Application\Home\Controller\UserController.class.php 第 154 行.
NOTIC: [2] call_user_func() expects parameter 1 to be a valid callback, no array or string given E:\program files\xampp\htdocs\ThinkPHP\ThinkPHP\Library\Think\Upload.class.php 第 170 行.
NOTIC: [2] call_user_func_array() expects parameter 1 to be a valid callback, function 'data' not found or invalid function name E:\program files\xampp\htdocs\ThinkPHP\ThinkPHP\Library\Think\Upload.class.php 第 418 行.
SQL: SHOW COLUMNS FROM `photo_id` [ RunTime:0.0281s ]
INFO: [ app_end ] --START--
INFO: Run Behavior\ShowPageTraceBehavior [ RunTime:0.001275s ]
INFO: [ app_end ] --END-- [ RunTime:0.001346s ]

